<?xml version="1.0" encoding="UTF-8" ?>
<testsuites>
  <testsuite errors="0" failures="0" hostname="fede-PC" id="0" name="AlumnoFunctionalTests" package="" tests="6" time="3.809" timestamp="2014-12-20T03:26:41">
      <properties />

      <testcase classname="AlumnoFunctionalTests" name="testAsignarEscuelaOk" time="2.597" />

      <testcase classname="AlumnoFunctionalTests" name="testCambiarEscuelaOk" time="0.406" />

      <testcase classname="AlumnoFunctionalTests" name="testInasistencias" time="0.451" />

      <testcase classname="AlumnoFunctionalTests" name="testSaveAlumnoOk" time="0.075" />

      <testcase classname="AlumnoFunctionalTests" name="testUpdateAlumnoOk" time="0.149" />

      <testcase classname="AlumnoFunctionalTests" name="testGetDatosPersonales" time="0.094" />

      <system-out><![CDATA[--Output from testAsignarEscuelaOk--


>>>>>>>>>>>>>>>>>>>> Making request to http://localhost:8080/tesis/alumnos/alta using method POST >>>>>>>>>>>>>>>>>>>>
Initializing web request settings for http://localhost:8080/tesis/alumnos/alta
Request parameters:
========================================
========================================
Request headers:
========================================
Accept-Language: en
Content-Type: application/json
Accept: application/json
========================================
Content of web window [TopLevelWindow[name=""]] changed
<<<<<<<<<<<<<<<<<<<< Received response from POST http://localhost:8080/tesis/alumnos/alta <<<<<<<<<<<<<<<<<<<<
Response was 201 'Created', headers:
========================================
Server: Apache-Coyote/1.1
Content-Type: application/json;charset=UTF-8
Transfer-Encoding: chunked
Date: Sat, 20 Dec 2014 03:26:43 GMT
========================================
Content
========================================
{"response":"Alumno creado","status":201}
========================================

#

>>>>>>>>>>>>>>>>>>>> Making request to http://localhost:8080/tesis/alumnos/datos_personales/45334324 using method GET >>>>>>>>>>>>>>>>>>>>
Initializing web request settings for http://localhost:8080/tesis/alumnos/datos_personales/45334324
Request parameters:
========================================
========================================
Request headers:
========================================
Accept-Language: en
Accept: application/json
========================================
Content of web window [TopLevelWindow[name=""]] changed
<<<<<<<<<<<<<<<<<<<< Received response from GET http://localhost:8080/tesis/alumnos/datos_personales/45334324 <<<<<<<<<<<<<<<<<<<<
Response was 200 'OK', headers:
========================================
Server: Apache-Coyote/1.1
Content-Type: application/json;charset=UTF-8
Transfer-Encoding: chunked
Date: Sat, 20 Dec 2014 03:26:43 GMT
========================================
Content
========================================
{"response":{"nombre":"Javier","apellido":"Azcurra","dni":45334324,"direccion":{"calle":"Gral. Paz","numero":"61","piso":8,"depto":"6"},"telefono":264445132,"nacimiento":"13-04-2005"},"status":200}
========================================

#

>>>>>>>>>>>>>>>>>>>> Making request to http://localhost:8080/tesis/escuelas/alta using method POST >>>>>>>>>>>>>>>>>>>>
Initializing web request settings for http://localhost:8080/tesis/escuelas/alta
Request parameters:
========================================
========================================
Request headers:
========================================
Accept-Language: en
Content-Type: application/json
Accept: application/json
========================================
Content of web window [TopLevelWindow[name=""]] changed
<<<<<<<<<<<<<<<<<<<< Received response from POST http://localhost:8080/tesis/escuelas/alta <<<<<<<<<<<<<<<<<<<<
Response was 201 'Created', headers:
========================================
Server: Apache-Coyote/1.1
Content-Type: application/json;charset=UTF-8
Transfer-Encoding: chunked
Date: Sat, 20 Dec 2014 03:26:43 GMT
========================================
Content
========================================
{"response":"Escuela creada","status":201}
========================================

#

>>>>>>>>>>>>>>>>>>>> Making request to http://localhost:8080/tesis/alumnos/asignar_escuela using method POST >>>>>>>>>>>>>>>>>>>>
Initializing web request settings for http://localhost:8080/tesis/alumnos/asignar_escuela
Request parameters:
========================================
========================================
Request headers:
========================================
Accept-Language: en
Content-Type: application/json
Accept: application/json
========================================
Content of web window [TopLevelWindow[name=""]] changed
<<<<<<<<<<<<<<<<<<<< Received response from POST http://localhost:8080/tesis/alumnos/asignar_escuela <<<<<<<<<<<<<<<<<<<<
Response was 201 'Created', headers:
========================================
Server: Apache-Coyote/1.1
Content-Type: application/json;charset=UTF-8
Transfer-Encoding: chunked
Date: Sat, 20 Dec 2014 03:26:43 GMT
========================================
Content
========================================
{"response":{"dni":45334324,"escuela":"1-086","grado":"1","seccion":"A","nivel":"NP"},"status":201}
========================================

#--Output from testCambiarEscuelaOk--


>>>>>>>>>>>>>>>>>>>> Making request to http://localhost:8080/tesis/alumnos/alta using method POST >>>>>>>>>>>>>>>>>>>>
Initializing web request settings for http://localhost:8080/tesis/alumnos/alta
Request parameters:
========================================
========================================
Request headers:
========================================
Accept-Language: en
Content-Type: application/json
Accept: application/json
========================================
Content of web window [TopLevelWindow[name=""]] changed
<<<<<<<<<<<<<<<<<<<< Received response from POST http://localhost:8080/tesis/alumnos/alta <<<<<<<<<<<<<<<<<<<<
Response was 201 'Created', headers:
========================================
Server: Apache-Coyote/1.1
Content-Type: application/json;charset=UTF-8
Transfer-Encoding: chunked
Date: Sat, 20 Dec 2014 03:26:43 GMT
========================================
Content
========================================
{"response":"Alumno creado","status":201}
========================================

#

>>>>>>>>>>>>>>>>>>>> Making request to http://localhost:8080/tesis/alumnos/datos_personales/45323232 using method GET >>>>>>>>>>>>>>>>>>>>
Initializing web request settings for http://localhost:8080/tesis/alumnos/datos_personales/45323232
Request parameters:
========================================
========================================
Request headers:
========================================
Accept-Language: en
Accept: application/json
========================================
Content of web window [TopLevelWindow[name=""]] changed
<<<<<<<<<<<<<<<<<<<< Received response from GET http://localhost:8080/tesis/alumnos/datos_personales/45323232 <<<<<<<<<<<<<<<<<<<<
Response was 200 'OK', headers:
========================================
Server: Apache-Coyote/1.1
Content-Type: application/json;charset=UTF-8
Transfer-Encoding: chunked
Date: Sat, 20 Dec 2014 03:26:43 GMT
========================================
Content
========================================
{"response":{"nombre":"Alejandro","apellido":"Arnaudo","dni":45323232,"direccion":{"calle":"Gral. Paz","numero":"61","piso":8,"depto":"6"},"telefono":264445132,"nacimiento":"13-04-2005"},"status":200}
========================================

#

>>>>>>>>>>>>>>>>>>>> Making request to http://localhost:8080/tesis/escuelas/alta using method POST >>>>>>>>>>>>>>>>>>>>
Initializing web request settings for http://localhost:8080/tesis/escuelas/alta
Request parameters:
========================================
========================================
Request headers:
========================================
Accept-Language: en
Content-Type: application/json
Accept: application/json
========================================
Content of web window [TopLevelWindow[name=""]] changed
<<<<<<<<<<<<<<<<<<<< Received response from POST http://localhost:8080/tesis/escuelas/alta <<<<<<<<<<<<<<<<<<<<
Response was 201 'Created', headers:
========================================
Server: Apache-Coyote/1.1
Content-Type: application/json;charset=UTF-8
Transfer-Encoding: chunked
Date: Sat, 20 Dec 2014 03:26:43 GMT
========================================
Content
========================================
{"response":"Escuela creada","status":201}
========================================

#

>>>>>>>>>>>>>>>>>>>> Making request to http://localhost:8080/tesis/escuelas/alta using method POST >>>>>>>>>>>>>>>>>>>>
Initializing web request settings for http://localhost:8080/tesis/escuelas/alta
Request parameters:
========================================
========================================
Request headers:
========================================
Accept-Language: en
Content-Type: application/json
Accept: application/json
========================================
Content of web window [TopLevelWindow[name=""]] changed
<<<<<<<<<<<<<<<<<<<< Received response from POST http://localhost:8080/tesis/escuelas/alta <<<<<<<<<<<<<<<<<<<<
Response was 201 'Created', headers:
========================================
Server: Apache-Coyote/1.1
Content-Type: application/json;charset=UTF-8
Transfer-Encoding: chunked
Date: Sat, 20 Dec 2014 03:26:43 GMT
========================================
Content
========================================
{"response":"Escuela creada","status":201}
========================================

#

>>>>>>>>>>>>>>>>>>>> Making request to http://localhost:8080/tesis/alumnos/asignar_escuela using method POST >>>>>>>>>>>>>>>>>>>>
Initializing web request settings for http://localhost:8080/tesis/alumnos/asignar_escuela
Request parameters:
========================================
========================================
Request headers:
========================================
Accept-Language: en
Content-Type: application/json
Accept: application/json
========================================
Content of web window [TopLevelWindow[name=""]] changed
<<<<<<<<<<<<<<<<<<<< Received response from POST http://localhost:8080/tesis/alumnos/asignar_escuela <<<<<<<<<<<<<<<<<<<<
Response was 201 'Created', headers:
========================================
Server: Apache-Coyote/1.1
Content-Type: application/json;charset=UTF-8
Transfer-Encoding: chunked
Date: Sat, 20 Dec 2014 03:26:44 GMT
========================================
Content
========================================
{"response":{"dni":45323232,"escuela":"1-083","grado":"1","seccion":"A","nivel":"NP"},"status":201}
========================================

#

>>>>>>>>>>>>>>>>>>>> Making request to http://localhost:8080/tesis/alumnos/cambiar_escuela using method PUT >>>>>>>>>>>>>>>>>>>>
Initializing web request settings for http://localhost:8080/tesis/alumnos/cambiar_escuela
Request parameters:
========================================
========================================
Request headers:
========================================
Accept-Language: en
Content-Type: application/json
Accept: application/json
========================================
Content of web window [TopLevelWindow[name=""]] changed
<<<<<<<<<<<<<<<<<<<< Received response from PUT http://localhost:8080/tesis/alumnos/cambiar_escuela <<<<<<<<<<<<<<<<<<<<
Response was 200 'OK', headers:
========================================
Server: Apache-Coyote/1.1
Content-Type: application/json;charset=UTF-8
Transfer-Encoding: chunked
Date: Sat, 20 Dec 2014 03:26:44 GMT
========================================
Content
========================================
{"response":{"dni":45323232,"escuela":"1-010","grado":"1","seccion":"A","nivel":"NP"},"status":200}
========================================

#

>>>>>>>>>>>>>>>>>>>> Making request to http://localhost:8080/tesis/alumnos/escuelas/45323232 using method GET >>>>>>>>>>>>>>>>>>>>
Initializing web request settings for http://localhost:8080/tesis/alumnos/escuelas/45323232
Request parameters:
========================================
========================================
Request headers:
========================================
Accept-Language: en
Accept: application/json
========================================
Content of web window [TopLevelWindow[name=""]] changed
<<<<<<<<<<<<<<<<<<<< Received response from GET http://localhost:8080/tesis/alumnos/escuelas/45323232 <<<<<<<<<<<<<<<<<<<<
Response was 200 'OK', headers:
========================================
Server: Apache-Coyote/1.1
Content-Type: application/json;charset=UTF-8
Transfer-Encoding: chunked
Date: Sat, 20 Dec 2014 03:26:44 GMT
========================================
Content
========================================
{"response":[{"dni":45323232,"escuela":"1-083","grado":"1","seccion":"A","nivel":"NP"},{"dni":45323232,"escuela":"1-010","grado":"1","seccion":"A","nivel":"NP"}],"status":200}
========================================

#--Output from testInasistencias--


>>>>>>>>>>>>>>>>>>>> Making request to http://localhost:8080/tesis/alumnos/alta using method POST >>>>>>>>>>>>>>>>>>>>
Initializing web request settings for http://localhost:8080/tesis/alumnos/alta
Request parameters:
========================================
========================================
Request headers:
========================================
Accept-Language: en
Content-Type: application/json
Accept: application/json
========================================
Content of web window [TopLevelWindow[name=""]] changed
<<<<<<<<<<<<<<<<<<<< Received response from POST http://localhost:8080/tesis/alumnos/alta <<<<<<<<<<<<<<<<<<<<
Response was 201 'Created', headers:
========================================
Server: Apache-Coyote/1.1
Content-Type: application/json;charset=UTF-8
Transfer-Encoding: chunked
Date: Sat, 20 Dec 2014 03:26:44 GMT
========================================
Content
========================================
{"response":"Alumno creado","status":201}
========================================

#

>>>>>>>>>>>>>>>>>>>> Making request to http://localhost:8080/tesis/alumnos/datos_personales/32787656 using method GET >>>>>>>>>>>>>>>>>>>>
Initializing web request settings for http://localhost:8080/tesis/alumnos/datos_personales/32787656
Request parameters:
========================================
========================================
Request headers:
========================================
Accept-Language: en
Accept: application/json
========================================
Content of web window [TopLevelWindow[name=""]] changed
<<<<<<<<<<<<<<<<<<<< Received response from GET http://localhost:8080/tesis/alumnos/datos_personales/32787656 <<<<<<<<<<<<<<<<<<<<
Response was 200 'OK', headers:
========================================
Server: Apache-Coyote/1.1
Content-Type: application/json;charset=UTF-8
Transfer-Encoding: chunked
Date: Sat, 20 Dec 2014 03:26:44 GMT
========================================
Content
========================================
{"response":{"nombre":"Hernan","apellido":"Balmes","dni":32787656,"direccion":{"calle":"Segovia","numero":"261","piso":0,"depto":"0"},"telefono":2604534567,"nacimiento":"13-04-1986"},"status":200}
========================================

#

>>>>>>>>>>>>>>>>>>>> Making request to http://localhost:8080/tesis/escuelas/alta using method POST >>>>>>>>>>>>>>>>>>>>
Initializing web request settings for http://localhost:8080/tesis/escuelas/alta
Request parameters:
========================================
========================================
Request headers:
========================================
Accept-Language: en
Content-Type: application/json
Accept: application/json
========================================
Content of web window [TopLevelWindow[name=""]] changed
<<<<<<<<<<<<<<<<<<<< Received response from POST http://localhost:8080/tesis/escuelas/alta <<<<<<<<<<<<<<<<<<<<
Response was 201 'Created', headers:
========================================
Server: Apache-Coyote/1.1
Content-Type: application/json;charset=UTF-8
Transfer-Encoding: chunked
Date: Sat, 20 Dec 2014 03:26:44 GMT
========================================
Content
========================================
{"response":"Escuela creada","status":201}
========================================

#

>>>>>>>>>>>>>>>>>>>> Making request to http://localhost:8080/tesis/alumnos/inasistencias using method POST >>>>>>>>>>>>>>>>>>>>
Initializing web request settings for http://localhost:8080/tesis/alumnos/inasistencias
Request parameters:
========================================
========================================
Request headers:
========================================
Accept-Language: en
Content-Type: application/json
Accept: application/json
========================================
Content of web window [TopLevelWindow[name=""]] changed
<<<<<<<<<<<<<<<<<<<< Received response from POST http://localhost:8080/tesis/alumnos/inasistencias <<<<<<<<<<<<<<<<<<<<
Response was 400 'Bad Request', headers:
========================================
Server: Apache-Coyote/1.1
Content-Type: application/json;charset=UTF-8
Transfer-Encoding: chunked
Date: Sat, 20 Dec 2014 03:26:44 GMT
Connection: close
========================================
Content
========================================
{"response":"ERROR: El alumno con DNI : 32787656 no tiene asignada ninguna escuela","status":400}
========================================

#

>>>>>>>>>>>>>>>>>>>> Making request to http://localhost:8080/tesis/alumnos/asignar_escuela using method POST >>>>>>>>>>>>>>>>>>>>
Initializing web request settings for http://localhost:8080/tesis/alumnos/asignar_escuela
Request parameters:
========================================
========================================
Request headers:
========================================
Accept-Language: en
Content-Type: application/json
Accept: application/json
========================================
Content of web window [TopLevelWindow[name=""]] changed
<<<<<<<<<<<<<<<<<<<< Received response from POST http://localhost:8080/tesis/alumnos/asignar_escuela <<<<<<<<<<<<<<<<<<<<
Response was 201 'Created', headers:
========================================
Server: Apache-Coyote/1.1
Content-Type: application/json;charset=UTF-8
Transfer-Encoding: chunked
Date: Sat, 20 Dec 2014 03:26:44 GMT
========================================
Content
========================================
{"response":{"dni":32787656,"escuela":"1-266","curso":"1","division":"5","nivel":"NS"},"status":201}
========================================

#

>>>>>>>>>>>>>>>>>>>> Making request to http://localhost:8080/tesis/alumnos/inasistencias using method POST >>>>>>>>>>>>>>>>>>>>
Initializing web request settings for http://localhost:8080/tesis/alumnos/inasistencias
Request parameters:
========================================
========================================
Request headers:
========================================
Accept-Language: en
Content-Type: application/json
Accept: application/json
========================================
Content of web window [TopLevelWindow[name=""]] changed
<<<<<<<<<<<<<<<<<<<< Received response from POST http://localhost:8080/tesis/alumnos/inasistencias <<<<<<<<<<<<<<<<<<<<
Response was 201 'Created', headers:
========================================
Server: Apache-Coyote/1.1
Content-Type: application/json;charset=UTF-8
Transfer-Encoding: chunked
Date: Sat, 20 Dec 2014 03:26:44 GMT
========================================
Content
========================================
{"response":"Inasistencias cargadas correctamente","status":201}
========================================

#

>>>>>>>>>>>>>>>>>>>> Making request to http://localhost:8080/tesis/alumnos/inasistencias using method POST >>>>>>>>>>>>>>>>>>>>
Initializing web request settings for http://localhost:8080/tesis/alumnos/inasistencias
Request parameters:
========================================
========================================
Request headers:
========================================
Accept-Language: en
Content-Type: application/json
Accept: application/json
========================================
Content of web window [TopLevelWindow[name=""]] changed
<<<<<<<<<<<<<<<<<<<< Received response from POST http://localhost:8080/tesis/alumnos/inasistencias <<<<<<<<<<<<<<<<<<<<
Response was 304 'Not Modified', headers:
========================================
Server: Apache-Coyote/1.1
Date: Sat, 20 Dec 2014 03:26:44 GMT
========================================
Content
========================================
null
========================================

#--Output from testSaveAlumnoOk--


>>>>>>>>>>>>>>>>>>>> Making request to http://localhost:8080/tesis/alumnos/alta using method POST >>>>>>>>>>>>>>>>>>>>
Initializing web request settings for http://localhost:8080/tesis/alumnos/alta
Request parameters:
========================================
========================================
Request headers:
========================================
Accept-Language: en
Content-Type: application/json
Accept: application/json
========================================
Content of web window [TopLevelWindow[name=""]] changed
<<<<<<<<<<<<<<<<<<<< Received response from POST http://localhost:8080/tesis/alumnos/alta <<<<<<<<<<<<<<<<<<<<
Response was 201 'Created', headers:
========================================
Server: Apache-Coyote/1.1
Content-Type: application/json;charset=UTF-8
Transfer-Encoding: chunked
Date: Sat, 20 Dec 2014 03:26:44 GMT
========================================
Content
========================================
{"response":"Alumno creado","status":201}
========================================

#

>>>>>>>>>>>>>>>>>>>> Making request to http://localhost:8080/tesis/alumnos/datos_personales/12345678 using method GET >>>>>>>>>>>>>>>>>>>>
Initializing web request settings for http://localhost:8080/tesis/alumnos/datos_personales/12345678
Request parameters:
========================================
========================================
Request headers:
========================================
Accept-Language: en
Accept: application/json
========================================
Content of web window [TopLevelWindow[name=""]] changed
<<<<<<<<<<<<<<<<<<<< Received response from GET http://localhost:8080/tesis/alumnos/datos_personales/12345678 <<<<<<<<<<<<<<<<<<<<
Response was 200 'OK', headers:
========================================
Server: Apache-Coyote/1.1
Content-Type: application/json;charset=UTF-8
Transfer-Encoding: chunked
Date: Sat, 20 Dec 2014 03:26:44 GMT
========================================
Content
========================================
{"response":{"nombre":"Milagros","apellido":"Sosa","dni":12345678,"direccion":{"calle":"Dorrego","numero":"1361","piso":0,"depto":"0"},"telefono":2604432132,"nacimiento":"13-04-2005"},"status":200}
========================================

#--Output from testUpdateAlumnoOk--


>>>>>>>>>>>>>>>>>>>> Making request to http://localhost:8080/tesis/alumnos/alta using method POST >>>>>>>>>>>>>>>>>>>>
Initializing web request settings for http://localhost:8080/tesis/alumnos/alta
Request parameters:
========================================
========================================
Request headers:
========================================
Accept-Language: en
Content-Type: application/json
Accept: application/json
========================================
Content of web window [TopLevelWindow[name=""]] changed
<<<<<<<<<<<<<<<<<<<< Received response from POST http://localhost:8080/tesis/alumnos/alta <<<<<<<<<<<<<<<<<<<<
Response was 201 'Created', headers:
========================================
Server: Apache-Coyote/1.1
Content-Type: application/json;charset=UTF-8
Transfer-Encoding: chunked
Date: Sat, 20 Dec 2014 03:26:44 GMT
========================================
Content
========================================
{"response":"Alumno creado","status":201}
========================================

#

>>>>>>>>>>>>>>>>>>>> Making request to http://localhost:8080/tesis/alumnos/datos_personales/98765432 using method GET >>>>>>>>>>>>>>>>>>>>
Initializing web request settings for http://localhost:8080/tesis/alumnos/datos_personales/98765432
Request parameters:
========================================
========================================
Request headers:
========================================
Accept-Language: en
Accept: application/json
========================================
Content of web window [TopLevelWindow[name=""]] changed
<<<<<<<<<<<<<<<<<<<< Received response from GET http://localhost:8080/tesis/alumnos/datos_personales/98765432 <<<<<<<<<<<<<<<<<<<<
Response was 200 'OK', headers:
========================================
Server: Apache-Coyote/1.1
Content-Type: application/json;charset=UTF-8
Transfer-Encoding: chunked
Date: Sat, 20 Dec 2014 03:26:44 GMT
========================================
Content
========================================
{"response":{"nombre":"Matias","apellido":"Tessi","dni":98765432,"direccion":{"calle":"Colon","numero":"356","piso":2,"depto":"C"},"telefono":26144332234,"nacimiento":"29-04-2005"},"status":200}
========================================

#

>>>>>>>>>>>>>>>>>>>> Making request to http://localhost:8080/tesis/alumnos/datos_personales/98765432 using method PUT >>>>>>>>>>>>>>>>>>>>
Initializing web request settings for http://localhost:8080/tesis/alumnos/datos_personales/98765432
Request parameters:
========================================
========================================
Request headers:
========================================
Accept-Language: en
Content-Type: application/json
Accept: application/json
========================================
Content of web window [TopLevelWindow[name=""]] changed
<<<<<<<<<<<<<<<<<<<< Received response from PUT http://localhost:8080/tesis/alumnos/datos_personales/98765432 <<<<<<<<<<<<<<<<<<<<
Response was 200 'OK', headers:
========================================
Server: Apache-Coyote/1.1
Content-Type: application/json;charset=UTF-8
Transfer-Encoding: chunked
Date: Sat, 20 Dec 2014 03:26:44 GMT
========================================
Content
========================================
{"response":"Datos actualizados","status":200}
========================================

#

>>>>>>>>>>>>>>>>>>>> Making request to http://localhost:8080/tesis/alumnos/datos_personales/98765432 using method GET >>>>>>>>>>>>>>>>>>>>
Initializing web request settings for http://localhost:8080/tesis/alumnos/datos_personales/98765432
Request parameters:
========================================
========================================
Request headers:
========================================
Accept-Language: en
Accept: application/json
========================================
Content of web window [TopLevelWindow[name=""]] changed
<<<<<<<<<<<<<<<<<<<< Received response from GET http://localhost:8080/tesis/alumnos/datos_personales/98765432 <<<<<<<<<<<<<<<<<<<<
Response was 200 'OK', headers:
========================================
Server: Apache-Coyote/1.1
Content-Type: application/json;charset=UTF-8
Transfer-Encoding: chunked
Date: Sat, 20 Dec 2014 03:26:44 GMT
========================================
Content
========================================
{"response":{"nombre":"Matias","apellido":"Tessi","dni":98765432,"direccion":{"calle":"Colon","numero":"356","piso":2,"depto":"C"},"telefono":2604567898,"nacimiento":"29-04-2005"},"status":200}
========================================

#--Output from testGetDatosPersonales--


>>>>>>>>>>>>>>>>>>>> Making request to http://localhost:8080/tesis/alumnos/alta using method POST >>>>>>>>>>>>>>>>>>>>
Initializing web request settings for http://localhost:8080/tesis/alumnos/alta
Request parameters:
========================================
========================================
Request headers:
========================================
Accept-Language: en
Content-Type: application/json
Accept: application/json
========================================
Content of web window [TopLevelWindow[name=""]] changed
<<<<<<<<<<<<<<<<<<<< Received response from POST http://localhost:8080/tesis/alumnos/alta <<<<<<<<<<<<<<<<<<<<
Response was 201 'Created', headers:
========================================
Server: Apache-Coyote/1.1
Content-Type: application/json;charset=UTF-8
Transfer-Encoding: chunked
Date: Sat, 20 Dec 2014 03:26:44 GMT
========================================
Content
========================================
{"response":"Alumno creado","status":201}
========================================

#

>>>>>>>>>>>>>>>>>>>> Making request to http://localhost:8080/tesis/alumnos/datos_personales/44566778 using method GET >>>>>>>>>>>>>>>>>>>>
Initializing web request settings for http://localhost:8080/tesis/alumnos/datos_personales/44566778
Request parameters:
========================================
========================================
Request headers:
========================================
Accept-Language: en
Accept: application/json
========================================
Content of web window [TopLevelWindow[name=""]] changed
<<<<<<<<<<<<<<<<<<<< Received response from GET http://localhost:8080/tesis/alumnos/datos_personales/44566778 <<<<<<<<<<<<<<<<<<<<
Response was 200 'OK', headers:
========================================
Server: Apache-Coyote/1.1
Content-Type: application/json;charset=UTF-8
Transfer-Encoding: chunked
Date: Sat, 20 Dec 2014 03:26:44 GMT
========================================
Content
========================================
{"response":{"nombre":"Jesus","apellido":"Verdini","dni":44566778,"direccion":{"calle":"Mitre","numero":"2356","piso":0,"depto":"0"},"telefono":2604320897,"nacimiento":"03-10-2002"},"status":200}
========================================

#

>>>>>>>>>>>>>>>>>>>> Making request to http://localhost:8080/tesis/alumnos/datos_personales/44566778 using method GET >>>>>>>>>>>>>>>>>>>>
Initializing web request settings for http://localhost:8080/tesis/alumnos/datos_personales/44566778
Request parameters:
========================================
========================================
Request headers:
========================================
Accept-Language: en
Accept: application/json
========================================
Content of web window [TopLevelWindow[name=""]] changed
<<<<<<<<<<<<<<<<<<<< Received response from GET http://localhost:8080/tesis/alumnos/datos_personales/44566778 <<<<<<<<<<<<<<<<<<<<
Response was 200 'OK', headers:
========================================
Server: Apache-Coyote/1.1
Content-Type: application/json;charset=UTF-8
Transfer-Encoding: chunked
Date: Sat, 20 Dec 2014 03:26:44 GMT
========================================
Content
========================================
{"response":{"nombre":"Jesus","apellido":"Verdini","dni":44566778,"direccion":{"calle":"Mitre","numero":"2356","piso":0,"depto":"0"},"telefono":2604320897,"nacimiento":"03-10-2002"},"status":200}
========================================

#]]></system-out>

      <system-err><![CDATA[--Output from testAsignarEscuelaOk--
Unable to use direct char[] access of java.lang.String
java.lang.NoSuchFieldException: count
	at java.lang.Class.getDeclaredField(Class.java:1899)
	at org.codehaus.groovy.grails.web.util.StringCharArrayAccessor.<clinit>(StringCharArrayAccessor.java:53)
	at org.codehaus.groovy.grails.web.util.StreamCharBuffer.readAsString(StreamCharBuffer.java:531)
	at org.codehaus.groovy.grails.web.util.StreamCharBuffer.toString(StreamCharBuffer.java:552)
	at org.codehaus.groovy.grails.web.pages.FastStringWriter.getValue(FastStringWriter.java:59)
	at org.codehaus.groovy.grails.web.pages.FastStringWriter.toString(FastStringWriter.java:55)
	at org.codehaus.groovy.grails.web.converters.AbstractConverter.toString(AbstractConverter.java:41)
	at org.codehaus.groovy.grails.web.converters.AbstractConverter$toString.call(Unknown Source)
	at org.codehaus.groovy.runtime.callsite.CallSiteArray.defaultCall(CallSiteArray.java:40)
	at org.codehaus.groovy.runtime.callsite.AbstractCallSite.call(AbstractCallSite.java:116)
	at org.codehaus.groovy.runtime.callsite.AbstractCallSite.call(AbstractCallSite.java:120)
	at AlumnoFunctionalTests$_testAsignarEscuelaOk_closure6_closure26.doCall(AlumnoFunctionalTests.groovy:156)
	at sun.reflect.NativeMethodAccessorImpl.invoke0(Native Method)
	at sun.reflect.NativeMethodAccessorImpl.invoke(NativeMethodAccessorImpl.java:57)
	at sun.reflect.DelegatingMethodAccessorImpl.invoke(DelegatingMethodAccessorImpl.java:43)
	at java.lang.reflect.Method.invoke(Method.java:601)
	at org.codehaus.groovy.runtime.callsite.PogoMetaMethodSite$PogoCachedMethodSite.invoke(PogoMetaMethodSite.java:225)
	at org.codehaus.groovy.runtime.callsite.PogoMetaMethodSite.callCurrent(PogoMetaMethodSite.java:51)
	at org.codehaus.groovy.runtime.callsite.CallSiteArray.defaultCallCurrent(CallSiteArray.java:44)
	at org.codehaus.groovy.runtime.callsite.AbstractCallSite.callCurrent(AbstractCallSite.java:141)
	at org.codehaus.groovy.runtime.callsite.AbstractCallSite.callCurrent(AbstractCallSite.java:149)
	at AlumnoFunctionalTests$_testAsignarEscuelaOk_closure6_closure26.doCall(AlumnoFunctionalTests.groovy)
	at sun.reflect.NativeMethodAccessorImpl.invoke0(Native Method)
	at sun.reflect.NativeMethodAccessorImpl.invoke(NativeMethodAccessorImpl.java:57)
	at sun.reflect.DelegatingMethodAccessorImpl.invoke(DelegatingMethodAccessorImpl.java:43)
	at java.lang.reflect.Method.invoke(Method.java:601)
	at org.codehaus.groovy.reflection.CachedMethod.invoke(CachedMethod.java:90)
	at groovy.lang.MetaMethod.doMethodInvoke(MetaMethod.java:233)
	at groovy.lang.MetaClassImpl.invokeMethod(MetaClassImpl.java:1058)
	at groovy.lang.ExpandoMetaClass.invokeMethod(ExpandoMetaClass.java:1070)
	at groovy.lang.MetaClassImpl.invokeMethod(MetaClassImpl.java:886)
	at groovy.lang.Closure.call(Closure.java:282)
	at groovy.lang.Closure.call(Closure.java:277)
	at groovy.lang.Closure$call.call(Unknown Source)
	at org.codehaus.groovy.runtime.callsite.CallSiteArray.defaultCall(CallSiteArray.java:40)
	at org.codehaus.groovy.runtime.callsite.AbstractCallSite.call(AbstractCallSite.java:116)
	at org.codehaus.groovy.runtime.callsite.AbstractCallSite.call(AbstractCallSite.java:120)
	at functionaltestplugin.RequestSettingsWrapper.body(RequestSettingsWrapper.groovy:50)
	at sun.reflect.NativeMethodAccessorImpl.invoke0(Native Method)
	at sun.reflect.NativeMethodAccessorImpl.invoke(NativeMethodAccessorImpl.java:57)
	at sun.reflect.DelegatingMethodAccessorImpl.invoke(DelegatingMethodAccessorImpl.java:43)
	at java.lang.reflect.Method.invoke(Method.java:601)
	at org.codehaus.groovy.reflection.CachedMethod.invoke(CachedMethod.java:90)
	at groovy.lang.MetaMethod.doMethodInvoke(MetaMethod.java:233)
	at groovy.lang.MetaClassImpl.invokeMethod(MetaClassImpl.java:1058)
	at groovy.lang.ExpandoMetaClass.invokeMethod(ExpandoMetaClass.java:1070)
	at groovy.lang.MetaClassImpl.invokeMethod(MetaClassImpl.java:886)
	at groovy.lang.MetaClassImpl.invokeMethod(MetaClassImpl.java:1009)
	at groovy.lang.ExpandoMetaClass.invokeMethod(ExpandoMetaClass.java:1070)
	at groovy.lang.MetaClassImpl.invokeMethod(MetaClassImpl.java:886)
	at org.codehaus.groovy.runtime.callsite.PogoMetaClassSite.callCurrent(PogoMetaClassSite.java:66)
	at org.codehaus.groovy.runtime.callsite.CallSiteArray.defaultCallCurrent(CallSiteArray.java:44)
	at org.codehaus.groovy.runtime.callsite.AbstractCallSite.callCurrent(AbstractCallSite.java:141)
	at org.codehaus.groovy.runtime.callsite.AbstractCallSite.callCurrent(AbstractCallSite.java:149)
	at AlumnoFunctionalTests$_testAsignarEscuelaOk_closure6.doCall(AlumnoFunctionalTests.groovy:156)
	at sun.reflect.NativeMethodAccessorImpl.invoke0(Native Method)
	at sun.reflect.NativeMethodAccessorImpl.invoke(NativeMethodAccessorImpl.java:57)
	at sun.reflect.DelegatingMethodAccessorImpl.invoke(DelegatingMethodAccessorImpl.java:43)
	at java.lang.reflect.Method.invoke(Method.java:601)
	at org.codehaus.groovy.runtime.callsite.PogoMetaMethodSite$PogoCachedMethodSite.invoke(PogoMetaMethodSite.java:225)
	at org.codehaus.groovy.runtime.callsite.PogoMetaMethodSite.callCurrent(PogoMetaMethodSite.java:51)
	at org.codehaus.groovy.runtime.callsite.CallSiteArray.defaultCallCurrent(CallSiteArray.java:44)
	at org.codehaus.groovy.runtime.callsite.AbstractCallSite.callCurrent(AbstractCallSite.java:141)
	at org.codehaus.groovy.runtime.callsite.AbstractCallSite.callCurrent(AbstractCallSite.java:149)
	at AlumnoFunctionalTests$_testAsignarEscuelaOk_closure6.doCall(AlumnoFunctionalTests.groovy)
	at sun.reflect.NativeMethodAccessorImpl.invoke0(Native Method)
	at sun.reflect.NativeMethodAccessorImpl.invoke(NativeMethodAccessorImpl.java:57)
	at sun.reflect.DelegatingMethodAccessorImpl.invoke(DelegatingMethodAccessorImpl.java:43)
	at java.lang.reflect.Method.invoke(Method.java:601)
	at org.codehaus.groovy.reflection.CachedMethod.invoke(CachedMethod.java:90)
	at groovy.lang.MetaMethod.doMethodInvoke(MetaMethod.java:233)
	at groovy.lang.MetaClassImpl.invokeMethod(MetaClassImpl.java:1058)
	at groovy.lang.ExpandoMetaClass.invokeMethod(ExpandoMetaClass.java:1070)
	at groovy.lang.MetaClassImpl.invokeMethod(MetaClassImpl.java:886)
	at groovy.lang.Closure.call(Closure.java:282)
	at groovy.lang.Closure.call(Closure.java:277)
	at groovy.lang.Closure$call.call(Unknown Source)
	at org.codehaus.groovy.runtime.callsite.CallSiteArray.defaultCall(CallSiteArray.java:40)
	at org.codehaus.groovy.runtime.callsite.AbstractCallSite.call(AbstractCallSite.java:116)
	at org.codehaus.groovy.runtime.callsite.AbstractCallSite.call(AbstractCallSite.java:120)
	at functionaltestplugin.FunctionalTestCase.makeRequest(FunctionalTestCase.groovy:467)
	at sun.reflect.NativeMethodAccessorImpl.invoke0(Native Method)
	at sun.reflect.NativeMethodAccessorImpl.invoke(NativeMethodAccessorImpl.java:57)
	at sun.reflect.DelegatingMethodAccessorImpl.invoke(DelegatingMethodAccessorImpl.java:43)
	at java.lang.reflect.Method.invoke(Method.java:601)
	at org.codehaus.groovy.reflection.CachedMethod.invoke(CachedMethod.java:90)
	at groovy.lang.MetaMethod.doMethodInvoke(MetaMethod.java:233)
	at groovy.lang.MetaClassImpl.invokeMethod(MetaClassImpl.java:1058)
	at groovy.lang.ExpandoMetaClass.invokeMethod(ExpandoMetaClass.java:1070)
	at groovy.lang.MetaClassImpl.invokeMethod(MetaClassImpl.java:886)
	at groovy.lang.MetaObjectProtocol$invokeMethod.call(Unknown Source)
	at functionaltestplugin.FunctionalTestCase.invokeMethod(FunctionalTestCase.groovy:201)
	at org.codehaus.groovy.runtime.callsite.PogoInterceptableSite.call(PogoInterceptableSite.java:45)
	at org.codehaus.groovy.runtime.callsite.PogoInterceptableSite.callCurrent(PogoInterceptableSite.java:55)
	at org.codehaus.groovy.runtime.callsite.CallSiteArray.defaultCallCurrent(CallSiteArray.java:44)
	at org.codehaus.groovy.runtime.callsite.AbstractCallSite.callCurrent(AbstractCallSite.java:141)
	at org.codehaus.groovy.runtime.callsite.AbstractCallSite.callCurrent(AbstractCallSite.java:157)
	at functionaltestplugin.FunctionalTestCase.post(FunctionalTestCase.groovy:530)
	at sun.reflect.NativeMethodAccessorImpl.invoke0(Native Method)
	at sun.reflect.NativeMethodAccessorImpl.invoke(NativeMethodAccessorImpl.java:57)
	at sun.reflect.DelegatingMethodAccessorImpl.invoke(DelegatingMethodAccessorImpl.java:43)
	at java.lang.reflect.Method.invoke(Method.java:601)
	at org.codehaus.groovy.reflection.CachedMethod.invoke(CachedMethod.java:90)
	at groovy.lang.MetaMethod.doMethodInvoke(MetaMethod.java:233)
	at groovy.lang.MetaClassImpl.invokeMethod(MetaClassImpl.java:1058)
	at groovy.lang.ExpandoMetaClass.invokeMethod(ExpandoMetaClass.java:1070)
	at groovy.lang.MetaClassImpl.invokeMethod(MetaClassImpl.java:886)
	at groovy.lang.MetaObjectProtocol$invokeMethod.call(Unknown Source)
	at org.codehaus.groovy.runtime.callsite.CallSiteArray.defaultCall(CallSiteArray.java:40)
	at org.codehaus.groovy.runtime.callsite.AbstractCallSite.call(AbstractCallSite.java:116)
	at org.codehaus.groovy.runtime.callsite.AbstractCallSite.call(AbstractCallSite.java:132)
	at functionaltestplugin.FunctionalTestCase.invokeMethod(FunctionalTestCase.groovy:201)
	at org.codehaus.groovy.runtime.callsite.PogoInterceptableSite.call(PogoInterceptableSite.java:45)
	at org.codehaus.groovy.runtime.callsite.PogoInterceptableSite.callCurrent(PogoInterceptableSite.java:55)
	at org.codehaus.groovy.runtime.callsite.CallSiteArray.defaultCallCurrent(CallSiteArray.java:44)
	at org.codehaus.groovy.runtime.callsite.AbstractCallSite.callCurrent(AbstractCallSite.java:141)
	at org.codehaus.groovy.runtime.callsite.AbstractCallSite.callCurrent(AbstractCallSite.java:153)
	at AlumnoFunctionalTests.testAsignarEscuelaOk(AlumnoFunctionalTests.groovy:153)
	at sun.reflect.NativeMethodAccessorImpl.invoke0(Native Method)
	at sun.reflect.NativeMethodAccessorImpl.invoke(NativeMethodAccessorImpl.java:57)
	at sun.reflect.DelegatingMethodAccessorImpl.invoke(DelegatingMethodAccessorImpl.java:43)
	at java.lang.reflect.Method.invoke(Method.java:601)
	at org.junit.runners.model.FrameworkMethod$1.runReflectiveCall(FrameworkMethod.java:44)
	at org.junit.internal.runners.model.ReflectiveCallable.run(ReflectiveCallable.java:15)
	at org.junit.runners.model.FrameworkMethod.invokeExplosively(FrameworkMethod.java:41)
	at org.junit.internal.runners.statements.InvokeMethod.evaluate(InvokeMethod.java:20)
	at org.junit.internal.runners.statements.RunBefores.evaluate(RunBefores.java:28)
	at org.junit.internal.runners.statements.RunAfters.evaluate(RunAfters.java:31)
	at org.junit.runners.BlockJUnit4ClassRunner.runChild(BlockJUnit4ClassRunner.java:76)
	at org.junit.runners.BlockJUnit4ClassRunner.runChild(BlockJUnit4ClassRunner.java:50)
	at org.junit.runners.ParentRunner$3.run(ParentRunner.java:193)
	at org.junit.runners.ParentRunner$1.schedule(ParentRunner.java:52)
	at org.junit.runners.ParentRunner.runChildren(ParentRunner.java:191)
	at org.junit.runners.ParentRunner.access$000(ParentRunner.java:42)
	at org.junit.runners.ParentRunner$2.evaluate(ParentRunner.java:184)
	at org.junit.runners.ParentRunner.run(ParentRunner.java:236)
	at org.junit.runners.Suite.runChild(Suite.java:128)
	at org.junit.runners.Suite.runChild(Suite.java:24)
	at org.junit.runners.ParentRunner$3.run(ParentRunner.java:193)
	at org.junit.runners.ParentRunner$1.schedule(ParentRunner.java:52)
	at org.junit.runners.ParentRunner.runChildren(ParentRunner.java:191)
	at org.junit.runners.ParentRunner.access$000(ParentRunner.java:42)
	at org.junit.runners.ParentRunner$2.evaluate(ParentRunner.java:184)
	at org.junit.runners.ParentRunner.run(ParentRunner.java:236)
	at org.junit.runners.ParentRunner$run.call(Unknown Source)
	at org.codehaus.groovy.runtime.callsite.CallSiteArray.defaultCall(CallSiteArray.java:40)
	at org.codehaus.groovy.runtime.callsite.AbstractCallSite.call(AbstractCallSite.java:116)
	at org.codehaus.groovy.runtime.callsite.AbstractCallSite.call(AbstractCallSite.java:124)
	at org.codehaus.groovy.grails.test.junit4.JUnit4GrailsTestType.doRun(JUnit4GrailsTestType.groovy:109)
	at sun.reflect.NativeMethodAccessorImpl.invoke0(Native Method)
	at sun.reflect.NativeMethodAccessorImpl.invoke(NativeMethodAccessorImpl.java:57)
	at sun.reflect.DelegatingMethodAccessorImpl.invoke(DelegatingMethodAccessorImpl.java:43)
	at java.lang.reflect.Method.invoke(Method.java:601)
	at org.codehaus.groovy.runtime.callsite.PogoMetaMethodSite$PogoCachedMethodSiteNoUnwrapNoCoerce.invoke(PogoMetaMethodSite.java:266)
	at org.codehaus.groovy.runtime.callsite.PogoMetaMethodSite.callCurrent(PogoMetaMethodSite.java:51)
	at org.codehaus.groovy.runtime.callsite.CallSiteArray.defaultCallCurrent(CallSiteArray.java:44)
	at org.codehaus.groovy.runtime.callsite.AbstractCallSite.callCurrent(AbstractCallSite.java:141)
	at org.codehaus.groovy.runtime.callsite.AbstractCallSite.callCurrent(AbstractCallSite.java:149)
	at org.codehaus.groovy.grails.test.support.GrailsTestTypeSupport.run(GrailsTestTypeSupport.groovy:120)
	at org.codehaus.groovy.grails.test.GrailsTestType$run.call(Unknown Source)
	at org.codehaus.groovy.runtime.callsite.CallSiteArray.defaultCall(CallSiteArray.java:40)
	at org.codehaus.groovy.runtime.callsite.AbstractCallSite.call(AbstractCallSite.java:116)
	at org.codehaus.groovy.runtime.callsite.AbstractCallSite.call(AbstractCallSite.java:124)
	at _GrailsTest_groovy$_run_closure4.doCall(_GrailsTest_groovy:271)
	at sun.reflect.NativeMethodAccessorImpl.invoke0(Native Method)
	at sun.reflect.NativeMethodAccessorImpl.invoke(NativeMethodAccessorImpl.java:57)
	at sun.reflect.DelegatingMethodAccessorImpl.invoke(DelegatingMethodAccessorImpl.java:43)
	at java.lang.reflect.Method.invoke(Method.java:601)
	at org.codehaus.groovy.runtime.callsite.PogoMetaMethodSite$PogoCachedMethodSiteNoUnwrapNoCoerce.invoke(PogoMetaMethodSite.java:266)
	at org.codehaus.groovy.runtime.callsite.PogoMetaMethodSite.callCurrent(PogoMetaMethodSite.java:51)
	at org.codehaus.groovy.runtime.callsite.CallSiteArray.defaultCallCurrent(CallSiteArray.java:44)
	at org.codehaus.groovy.runtime.callsite.AbstractCallSite.callCurrent(AbstractCallSite.java:141)
	at org.codehaus.groovy.runtime.callsite.AbstractCallSite.callCurrent(AbstractCallSite.java:153)
	at _GrailsTest_groovy$_run_closure4.call(_GrailsTest_groovy)
	at sun.reflect.NativeMethodAccessorImpl.invoke0(Native Method)
	at sun.reflect.NativeMethodAccessorImpl.invoke(NativeMethodAccessorImpl.java:57)
	at sun.reflect.DelegatingMethodAccessorImpl.invoke(DelegatingMethodAccessorImpl.java:43)
	at java.lang.reflect.Method.invoke(Method.java:601)
	at org.codehaus.groovy.reflection.CachedMethod.invoke(CachedMethod.java:90)
	at groovy.lang.MetaMethod.doMethodInvoke(MetaMethod.java:233)
	at groovy.lang.MetaClassImpl.invokeMethod(MetaClassImpl.java:1058)
	at groovy.lang.ExpandoMetaClass.invokeMethod(ExpandoMetaClass.java:1070)
	at groovy.lang.MetaClassImpl.invokeMethod(MetaClassImpl.java:886)
	at groovy.lang.MetaClassImpl.invokePropertyOrMissing(MetaClassImpl.java:1104)
	at groovy.lang.MetaClassImpl.invokeMethod(MetaClassImpl.java:1060)
	at groovy.lang.ExpandoMetaClass.invokeMethod(ExpandoMetaClass.java:1070)
	at groovy.lang.MetaClassImpl.invokeMethod(MetaClassImpl.java:886)
	at groovy.lang.MetaClassImpl.invokeMethod(MetaClassImpl.java:706)
	at groovy.lang.GroovyObjectSupport.invokeMethod(GroovyObjectSupport.java:44)
	at groovy.lang.Script.invokeMethod(Script.java:78)
	at groovy.lang.MetaClassImpl.invokeMethodOnGroovyObject(MetaClassImpl.java:1123)
	at groovy.lang.MetaClassImpl.invokeMethod(MetaClassImpl.java:1017)
	at groovy.lang.ExpandoMetaClass.invokeMethod(ExpandoMetaClass.java:1070)
	at groovy.lang.MetaClassImpl.invokeMethod(MetaClassImpl.java:886)
	at org.codehaus.groovy.runtime.callsite.PogoMetaClassSite.callCurrent(PogoMetaClassSite.java:66)
	at org.codehaus.groovy.runtime.callsite.CallSiteArray.defaultCallCurrent(CallSiteArray.java:44)
	at org.codehaus.groovy.runtime.callsite.AbstractCallSite.callCurrent(AbstractCallSite.java:141)
	at org.codehaus.groovy.runtime.callsite.AbstractCallSite.callCurrent(AbstractCallSite.java:153)
	at _GrailsTest_groovy$_run_closure2.doCall(_GrailsTest_groovy:228)
	at sun.reflect.NativeMethodAccessorImpl.invoke0(Native Method)
	at sun.reflect.NativeMethodAccessorImpl.invoke(NativeMethodAccessorImpl.java:57)
	at sun.reflect.DelegatingMethodAccessorImpl.invoke(DelegatingMethodAccessorImpl.java:43)
	at java.lang.reflect.Method.invoke(Method.java:601)
	at org.codehaus.groovy.reflection.CachedMethod.invoke(CachedMethod.java:90)
	at groovy.lang.MetaMethod.doMethodInvoke(MetaMethod.java:233)
	at groovy.lang.MetaClassImpl.invokeMethod(MetaClassImpl.java:1058)
	at groovy.lang.ExpandoMetaClass.invokeMethod(ExpandoMetaClass.java:1070)
	at groovy.lang.MetaClassImpl.invokeMethod(MetaClassImpl.java:886)
	at groovy.lang.Closure.call(Closure.java:282)
	at groovy.lang.Closure.call(Closure.java:295)
	at org.codehaus.groovy.runtime.DefaultGroovyMethods.each(DefaultGroovyMethods.java:1220)
	at org.codehaus.groovy.runtime.DefaultGroovyMethods.each(DefaultGroovyMethods.java:1196)
	at org.codehaus.groovy.runtime.dgm$110.invoke(Unknown Source)
	at org.codehaus.groovy.runtime.callsite.PojoMetaMethodSite$PojoMetaMethodSiteNoUnwrapNoCoerce.invoke(PojoMetaMethodSite.java:270)
	at org.codehaus.groovy.runtime.callsite.PojoMetaMethodSite.call(PojoMetaMethodSite.java:52)
	at org.codehaus.groovy.runtime.callsite.CallSiteArray.defaultCall(CallSiteArray.java:40)
	at org.codehaus.groovy.runtime.callsite.AbstractCallSite.call(AbstractCallSite.java:116)
	at org.codehaus.groovy.runtime.callsite.AbstractCallSite.call(AbstractCallSite.java:124)
	at _GrailsTest_groovy$_run_closure1_closure21.doCall(_GrailsTest_groovy:187)
	at sun.reflect.NativeMethodAccessorImpl.invoke0(Native Method)
	at sun.reflect.NativeMethodAccessorImpl.invoke(NativeMethodAccessorImpl.java:57)
	at sun.reflect.DelegatingMethodAccessorImpl.invoke(DelegatingMethodAccessorImpl.java:43)
	at java.lang.reflect.Method.invoke(Method.java:601)
	at org.codehaus.groovy.reflection.CachedMethod.invoke(CachedMethod.java:90)
	at groovy.lang.MetaMethod.doMethodInvoke(MetaMethod.java:233)
	at groovy.lang.MetaClassImpl.invokeMethod(MetaClassImpl.java:1058)
	at groovy.lang.ExpandoMetaClass.invokeMethod(ExpandoMetaClass.java:1070)
	at groovy.lang.MetaClassImpl.invokeMethod(MetaClassImpl.java:886)
	at groovy.lang.Closure.call(Closure.java:282)
	at org.codehaus.groovy.runtime.DefaultGroovyMethods.callClosureForMapEntry(DefaultGroovyMethods.java:2456)
	at org.codehaus.groovy.runtime.DefaultGroovyMethods.each(DefaultGroovyMethods.java:1249)
	at org.codehaus.groovy.runtime.dgm$111.invoke(Unknown Source)
	at org.codehaus.groovy.runtime.callsite.PojoMetaMethodSite$PojoMetaMethodSiteNoUnwrapNoCoerce.invoke(PojoMetaMethodSite.java:270)
	at org.codehaus.groovy.runtime.callsite.PojoMetaMethodSite.call(PojoMetaMethodSite.java:52)
	at org.codehaus.groovy.runtime.callsite.CallSiteArray.defaultCall(CallSiteArray.java:40)
	at org.codehaus.groovy.runtime.callsite.AbstractCallSite.call(AbstractCallSite.java:116)
	at org.codehaus.groovy.runtime.callsite.AbstractCallSite.call(AbstractCallSite.java:124)
	at _GrailsTest_groovy$_run_closure1.doCall(_GrailsTest_groovy:174)
	at sun.reflect.NativeMethodAccessorImpl.invoke0(Native Method)
	at sun.reflect.NativeMethodAccessorImpl.invoke(NativeMethodAccessorImpl.java:57)
	at sun.reflect.DelegatingMethodAccessorImpl.invoke(DelegatingMethodAccessorImpl.java:43)
	at java.lang.reflect.Method.invoke(Method.java:601)
	at org.codehaus.groovy.reflection.CachedMethod.invoke(CachedMethod.java:90)
	at groovy.lang.MetaMethod.doMethodInvoke(MetaMethod.java:233)
	at groovy.lang.MetaClassImpl.invokeMethod(MetaClassImpl.java:1058)
	at groovy.lang.ExpandoMetaClass.invokeMethod(ExpandoMetaClass.java:1070)
	at groovy.lang.MetaClassImpl.invokeMethod(MetaClassImpl.java:886)
	at groovy.lang.DelegatingMetaClass.invokeMethod(DelegatingMetaClass.java:149)
	at org.codehaus.gant.GantMetaClass.invokeMethod(GantMetaClass.java:127)
	at groovy.lang.Closure.call(Closure.java:282)
	at groovy.lang.Closure.call(Closure.java:295)
	at sun.reflect.NativeMethodAccessorImpl.invoke0(Native Method)
	at sun.reflect.NativeMethodAccessorImpl.invoke(NativeMethodAccessorImpl.java:57)
	at sun.reflect.DelegatingMethodAccessorImpl.invoke(DelegatingMethodAccessorImpl.java:43)
	at java.lang.reflect.Method.invoke(Method.java:601)
	at org.codehaus.groovy.reflection.CachedMethod.invoke(CachedMethod.java:90)
	at groovy.lang.MetaMethod.doMethodInvoke(MetaMethod.java:233)
	at groovy.lang.MetaClassImpl.invokeMethod(MetaClassImpl.java:1058)
	at groovy.lang.ExpandoMetaClass.invokeMethod(ExpandoMetaClass.java:1070)
	at groovy.lang.MetaClassImpl.invokeMethod(MetaClassImpl.java:886)
	at groovy.lang.DelegatingMetaClass.invokeMethod(DelegatingMetaClass.java:149)
	at org.codehaus.gant.GantMetaClass.invokeMethod(GantMetaClass.java:127)
	at org.codehaus.groovy.runtime.callsite.PogoMetaClassSite.call(PogoMetaClassSite.java:39)
	at org.codehaus.groovy.runtime.callsite.CallSiteArray.defaultCall(CallSiteArray.java:40)
	at org.codehaus.groovy.runtime.callsite.PogoMetaClassSite.call(PogoMetaClassSite.java:54)
	at org.codehaus.groovy.runtime.callsite.AbstractCallSite.call(AbstractCallSite.java:124)
	at org.codehaus.gant.GantBinding$_initializeGantBinding_closure5_closure16_closure18.doCall(GantBinding.groovy:185)
	at sun.reflect.NativeMethodAccessorImpl.invoke0(Native Method)
	at sun.reflect.NativeMethodAccessorImpl.invoke(NativeMethodAccessorImpl.java:57)
	at sun.reflect.DelegatingMethodAccessorImpl.invoke(DelegatingMethodAccessorImpl.java:43)
	at java.lang.reflect.Method.invoke(Method.java:601)
	at org.codehaus.groovy.runtime.callsite.PogoMetaMethodSite$PogoCachedMethodSite.invoke(PogoMetaMethodSite.java:225)
	at org.codehaus.groovy.runtime.callsite.PogoMetaMethodSite.callCurrent(PogoMetaMethodSite.java:51)
	at org.codehaus.groovy.runtime.callsite.AbstractCallSite.callCurrent(AbstractCallSite.java:149)
	at org.codehaus.gant.GantBinding$_initializeGantBinding_closure5_closure16_closure18.doCall(GantBinding.groovy)
	at sun.reflect.NativeMethodAccessorImpl.invoke0(Native Method)
	at sun.reflect.NativeMethodAccessorImpl.invoke(NativeMethodAccessorImpl.java:57)
	at sun.reflect.DelegatingMethodAccessorImpl.invoke(DelegatingMethodAccessorImpl.java:43)
	at java.lang.reflect.Method.invoke(Method.java:601)
	at org.codehaus.groovy.reflection.CachedMethod.invoke(CachedMethod.java:90)
	at groovy.lang.MetaMethod.doMethodInvoke(MetaMethod.java:233)
	at groovy.lang.MetaClassImpl.invokeMethod(MetaClassImpl.java:1058)
	at groovy.lang.ExpandoMetaClass.invokeMethod(ExpandoMetaClass.java:1070)
	at groovy.lang.MetaClassImpl.invokeMethod(MetaClassImpl.java:886)
	at groovy.lang.Closure.call(Closure.java:282)
	at groovy.lang.Closure.call(Closure.java:277)
	at groovy.lang.Closure$call.call(Unknown Source)
	at org.codehaus.gant.GantBinding.withTargetEvent(GantBinding.groovy:90)
	at org.codehaus.gant.GantBinding.this$4$withTargetEvent(GantBinding.groovy)
	at sun.reflect.NativeMethodAccessorImpl.invoke0(Native Method)
	at sun.reflect.NativeMethodAccessorImpl.invoke(NativeMethodAccessorImpl.java:57)
	at sun.reflect.DelegatingMethodAccessorImpl.invoke(DelegatingMethodAccessorImpl.java:43)
	at java.lang.reflect.Method.invoke(Method.java:601)
	at org.codehaus.groovy.reflection.CachedMethod.invoke(CachedMethod.java:90)
	at groovy.lang.MetaMethod.doMethodInvoke(MetaMethod.java:233)
	at groovy.lang.MetaClassImpl.invokeMethod(MetaClassImpl.java:1058)
	at groovy.lang.ExpandoMetaClass.invokeMethod(ExpandoMetaClass.java:1070)
	at groovy.lang.MetaClassImpl.invokeMethod(MetaClassImpl.java:886)
	at groovy.lang.MetaClassImpl.invokeMethod(MetaClassImpl.java:1003)
	at groovy.lang.ExpandoMetaClass.invokeMethod(ExpandoMetaClass.java:1070)
	at groovy.lang.MetaClassImpl.invokeMethod(MetaClassImpl.java:886)
	at groovy.lang.MetaClassImpl.invokeMethod(MetaClassImpl.java:706)
	at groovy.lang.GroovyObjectSupport.invokeMethod(GroovyObjectSupport.java:44)
	at groovy.lang.MetaClassImpl.invokeMethodOnGroovyObject(MetaClassImpl.java:1123)
	at groovy.lang.MetaClassImpl.invokeMethod(MetaClassImpl.java:1017)
	at groovy.lang.ExpandoMetaClass.invokeMethod(ExpandoMetaClass.java:1070)
	at groovy.lang.MetaClassImpl.invokeMethod(MetaClassImpl.java:886)
	at org.codehaus.groovy.runtime.callsite.PogoMetaClassSite.callCurrent(PogoMetaClassSite.java:66)
	at org.codehaus.groovy.runtime.callsite.AbstractCallSite.callCurrent(AbstractCallSite.java:157)
	at org.codehaus.gant.GantBinding$_initializeGantBinding_closure5_closure16.doCall(GantBinding.groovy:185)
	at sun.reflect.NativeMethodAccessorImpl.invoke0(Native Method)
	at sun.reflect.NativeMethodAccessorImpl.invoke(NativeMethodAccessorImpl.java:57)
	at sun.reflect.DelegatingMethodAccessorImpl.invoke(DelegatingMethodAccessorImpl.java:43)
	at java.lang.reflect.Method.invoke(Method.java:601)
	at org.codehaus.groovy.runtime.callsite.PogoMetaMethodSite$PogoCachedMethodSite.invoke(PogoMetaMethodSite.java:225)
	at org.codehaus.groovy.runtime.callsite.PogoMetaMethodSite.callCurrent(PogoMetaMethodSite.java:51)
	at org.codehaus.groovy.runtime.callsite.AbstractCallSite.callCurrent(AbstractCallSite.java:149)
	at org.codehaus.gant.GantBinding$_initializeGantBinding_closure5_closure16.doCall(GantBinding.groovy)
	at sun.reflect.NativeMethodAccessorImpl.invoke0(Native Method)
	at sun.reflect.NativeMethodAccessorImpl.invoke(NativeMethodAccessorImpl.java:57)
	at sun.reflect.DelegatingMethodAccessorImpl.invoke(DelegatingMethodAccessorImpl.java:43)
	at java.lang.reflect.Method.invoke(Method.java:601)
	at org.codehaus.groovy.reflection.CachedMethod.invoke(CachedMethod.java:90)
	at groovy.lang.MetaMethod.doMethodInvoke(MetaMethod.java:233)
	at groovy.lang.MetaClassImpl.invokeMethod(MetaClassImpl.java:1058)
	at groovy.lang.ExpandoMetaClass.invokeMethod(ExpandoMetaClass.java:1070)
	at groovy.lang.MetaClassImpl.invokeMethod(MetaClassImpl.java:886)
	at groovy.lang.Closure.call(Closure.java:282)
	at groovy.lang.Closure.call(Closure.java:277)
	at sun.reflect.NativeMethodAccessorImpl.invoke0(Native Method)
	at sun.reflect.NativeMethodAccessorImpl.invoke(NativeMethodAccessorImpl.java:57)
	at sun.reflect.DelegatingMethodAccessorImpl.invoke(DelegatingMethodAccessorImpl.java:43)
	at java.lang.reflect.Method.invoke(Method.java:601)
	at org.codehaus.groovy.reflection.CachedMethod.invoke(CachedMethod.java:90)
	at groovy.lang.MetaMethod.doMethodInvoke(MetaMethod.java:233)
	at groovy.lang.MetaClassImpl.invokeMethod(MetaClassImpl.java:1058)
	at groovy.lang.ExpandoMetaClass.invokeMethod(ExpandoMetaClass.java:1070)
	at groovy.lang.MetaClassImpl.invokeMethod(MetaClassImpl.java:886)
	at groovy.lang.MetaClassImpl.invokePropertyOrMissing(MetaClassImpl.java:1104)
	at groovy.lang.MetaClassImpl.invokeMethod(MetaClassImpl.java:1060)
	at groovy.lang.ExpandoMetaClass.invokeMethod(ExpandoMetaClass.java:1070)
	at groovy.lang.MetaClassImpl.invokeMethod(MetaClassImpl.java:886)
	at groovy.lang.MetaClassImpl.invokeMethod(MetaClassImpl.java:706)
	at groovy.lang.GroovyObjectSupport.invokeMethod(GroovyObjectSupport.java:44)
	at groovy.lang.Script.invokeMethod(Script.java:78)
	at groovy.lang.MetaClassImpl.invokeMethodOnGroovyObject(MetaClassImpl.java:1123)
	at groovy.lang.MetaClassImpl.invokeMethod(MetaClassImpl.java:1017)
	at groovy.lang.ExpandoMetaClass.invokeMethod(ExpandoMetaClass.java:1070)
	at groovy.lang.MetaClassImpl.invokeMethod(MetaClassImpl.java:886)
	at groovy.lang.DelegatingMetaClass.invokeMethod(DelegatingMetaClass.java:149)
	at org.codehaus.gant.GantMetaClass.invokeMethod(GantMetaClass.java:127)
	at org.codehaus.groovy.runtime.callsite.PogoMetaClassSite.callCurrent(PogoMetaClassSite.java:66)
	at org.codehaus.groovy.runtime.callsite.CallSiteArray.defaultCallCurrent(CallSiteArray.java:44)
	at org.codehaus.groovy.runtime.callsite.AbstractCallSite.callCurrent(AbstractCallSite.java:141)
	at org.codehaus.groovy.runtime.callsite.AbstractCallSite.callCurrent(AbstractCallSite.java:145)
	at TestApp$_run_closure1.doCall(TestApp.groovy:82)
	at sun.reflect.NativeMethodAccessorImpl.invoke0(Native Method)
	at sun.reflect.NativeMethodAccessorImpl.invoke(NativeMethodAccessorImpl.java:57)
	at sun.reflect.DelegatingMethodAccessorImpl.invoke(DelegatingMethodAccessorImpl.java:43)
	at java.lang.reflect.Method.invoke(Method.java:601)
	at org.codehaus.groovy.reflection.CachedMethod.invoke(CachedMethod.java:90)
	at groovy.lang.MetaMethod.doMethodInvoke(MetaMethod.java:233)
	at groovy.lang.MetaClassImpl.invokeMethod(MetaClassImpl.java:1058)
	at groovy.lang.ExpandoMetaClass.invokeMethod(ExpandoMetaClass.java:1070)
	at groovy.lang.MetaClassImpl.invokeMethod(MetaClassImpl.java:886)
	at groovy.lang.DelegatingMetaClass.invokeMethod(DelegatingMetaClass.java:149)
	at org.codehaus.gant.GantMetaClass.invokeMethod(GantMetaClass.java:127)
	at groovy.lang.Closure.call(Closure.java:282)
	at groovy.lang.Closure.call(Closure.java:295)
	at sun.reflect.NativeMethodAccessorImpl.invoke0(Native Method)
	at sun.reflect.NativeMethodAccessorImpl.invoke(NativeMethodAccessorImpl.java:57)
	at sun.reflect.DelegatingMethodAccessorImpl.invoke(DelegatingMethodAccessorImpl.java:43)
	at java.lang.reflect.Method.invoke(Method.java:601)
	at org.codehaus.groovy.reflection.CachedMethod.invoke(CachedMethod.java:90)
	at groovy.lang.MetaMethod.doMethodInvoke(MetaMethod.java:233)
	at groovy.lang.MetaClassImpl.invokeMethod(MetaClassImpl.java:1058)
	at groovy.lang.ExpandoMetaClass.invokeMethod(ExpandoMetaClass.java:1070)
	at groovy.lang.MetaClassImpl.invokeMethod(MetaClassImpl.java:886)
	at groovy.lang.DelegatingMetaClass.invokeMethod(DelegatingMetaClass.java:149)
	at org.codehaus.gant.GantMetaClass.invokeMethod(GantMetaClass.java:127)
	at org.codehaus.groovy.runtime.callsite.PogoMetaClassSite.call(PogoMetaClassSite.java:39)
	at org.codehaus.groovy.runtime.callsite.CallSiteArray.defaultCall(CallSiteArray.java:40)
	at org.codehaus.groovy.runtime.callsite.PogoMetaClassSite.call(PogoMetaClassSite.java:54)
	at org.codehaus.groovy.runtime.callsite.AbstractCallSite.call(AbstractCallSite.java:124)
	at org.codehaus.gant.GantBinding$_initializeGantBinding_closure5_closure16_closure18.doCall(GantBinding.groovy:185)
	at sun.reflect.NativeMethodAccessorImpl.invoke0(Native Method)
	at sun.reflect.NativeMethodAccessorImpl.invoke(NativeMethodAccessorImpl.java:57)
	at sun.reflect.DelegatingMethodAccessorImpl.invoke(DelegatingMethodAccessorImpl.java:43)
	at java.lang.reflect.Method.invoke(Method.java:601)
	at org.codehaus.groovy.runtime.callsite.PogoMetaMethodSite$PogoCachedMethodSite.invoke(PogoMetaMethodSite.java:225)
	at org.codehaus.groovy.runtime.callsite.PogoMetaMethodSite.callCurrent(PogoMetaMethodSite.java:51)
	at org.codehaus.groovy.runtime.callsite.AbstractCallSite.callCurrent(AbstractCallSite.java:149)
	at org.codehaus.gant.GantBinding$_initializeGantBinding_closure5_closure16_closure18.doCall(GantBinding.groovy)
	at sun.reflect.NativeMethodAccessorImpl.invoke0(Native Method)
	at sun.reflect.NativeMethodAccessorImpl.invoke(NativeMethodAccessorImpl.java:57)
	at sun.reflect.DelegatingMethodAccessorImpl.invoke(DelegatingMethodAccessorImpl.java:43)
	at java.lang.reflect.Method.invoke(Method.java:601)
	at org.codehaus.groovy.reflection.CachedMethod.invoke(CachedMethod.java:90)
	at groovy.lang.MetaMethod.doMethodInvoke(MetaMethod.java:233)
	at groovy.lang.MetaClassImpl.invokeMethod(MetaClassImpl.java:1058)
	at groovy.lang.ExpandoMetaClass.invokeMethod(ExpandoMetaClass.java:1070)
	at groovy.lang.MetaClassImpl.invokeMethod(MetaClassImpl.java:886)
	at groovy.lang.Closure.call(Closure.java:282)
	at groovy.lang.Closure.call(Closure.java:277)
	at groovy.lang.Closure$call.call(Unknown Source)
	at org.codehaus.gant.GantBinding.withTargetEvent(GantBinding.groovy:90)
	at org.codehaus.gant.GantBinding.this$4$withTargetEvent(GantBinding.groovy)
	at sun.reflect.NativeMethodAccessorImpl.invoke0(Native Method)
	at sun.reflect.NativeMethodAccessorImpl.invoke(NativeMethodAccessorImpl.java:57)
	at sun.reflect.DelegatingMethodAccessorImpl.invoke(DelegatingMethodAccessorImpl.java:43)
	at java.lang.reflect.Method.invoke(Method.java:601)
	at org.codehaus.groovy.reflection.CachedMethod.invoke(CachedMethod.java:90)
	at groovy.lang.MetaMethod.doMethodInvoke(MetaMethod.java:233)
	at groovy.lang.MetaClassImpl.invokeMethod(MetaClassImpl.java:1058)
	at groovy.lang.ExpandoMetaClass.invokeMethod(ExpandoMetaClass.java:1070)
	at groovy.lang.MetaClassImpl.invokeMethod(MetaClassImpl.java:886)
	at groovy.lang.MetaClassImpl.invokeMethod(MetaClassImpl.java:1003)
	at groovy.lang.ExpandoMetaClass.invokeMethod(ExpandoMetaClass.java:1070)
	at groovy.lang.MetaClassImpl.invokeMethod(MetaClassImpl.java:886)
	at groovy.lang.MetaClassImpl.invokeMethod(MetaClassImpl.java:706)
	at groovy.lang.GroovyObjectSupport.invokeMethod(GroovyObjectSupport.java:44)
	at groovy.lang.MetaClassImpl.invokeMethodOnGroovyObject(MetaClassImpl.java:1123)
	at groovy.lang.MetaClassImpl.invokeMethod(MetaClassImpl.java:1017)
	at groovy.lang.ExpandoMetaClass.invokeMethod(ExpandoMetaClass.java:1070)
	at groovy.lang.MetaClassImpl.invokeMethod(MetaClassImpl.java:886)
	at org.codehaus.groovy.runtime.callsite.PogoMetaClassSite.callCurrent(PogoMetaClassSite.java:66)
	at org.codehaus.groovy.runtime.callsite.AbstractCallSite.callCurrent(AbstractCallSite.java:157)
	at org.codehaus.gant.GantBinding$_initializeGantBinding_closure5_closure16.doCall(GantBinding.groovy:185)
	at sun.reflect.NativeMethodAccessorImpl.invoke0(Native Method)
	at sun.reflect.NativeMethodAccessorImpl.invoke(NativeMethodAccessorImpl.java:57)
	at sun.reflect.DelegatingMethodAccessorImpl.invoke(DelegatingMethodAccessorImpl.java:43)
	at java.lang.reflect.Method.invoke(Method.java:601)
	at org.codehaus.groovy.runtime.callsite.PogoMetaMethodSite$PogoCachedMethodSite.invoke(PogoMetaMethodSite.java:225)
	at org.codehaus.groovy.runtime.callsite.PogoMetaMethodSite.callCurrent(PogoMetaMethodSite.java:51)
	at org.codehaus.groovy.runtime.callsite.AbstractCallSite.callCurrent(AbstractCallSite.java:149)
	at org.codehaus.gant.GantBinding$_initializeGantBinding_closure5_closure16.doCall(GantBinding.groovy)
	at sun.reflect.NativeMethodAccessorImpl.invoke0(Native Method)
	at sun.reflect.NativeMethodAccessorImpl.invoke(NativeMethodAccessorImpl.java:57)
	at sun.reflect.DelegatingMethodAccessorImpl.invoke(DelegatingMethodAccessorImpl.java:43)
	at java.lang.reflect.Method.invoke(Method.java:601)
	at org.codehaus.groovy.reflection.CachedMethod.invoke(CachedMethod.java:90)
	at groovy.lang.MetaMethod.doMethodInvoke(MetaMethod.java:233)
	at groovy.lang.MetaClassImpl.invokeMethod(MetaClassImpl.java:1058)
	at groovy.lang.ExpandoMetaClass.invokeMethod(ExpandoMetaClass.java:1070)
	at groovy.lang.MetaClassImpl.invokeMethod(MetaClassImpl.java:886)
	at groovy.lang.Closure.call(Closure.java:282)
	at groovy.lang.Closure.call(Closure.java:277)
	at groovy.lang.Closure$call.call(Unknown Source)
	at org.codehaus.groovy.runtime.callsite.CallSiteArray.defaultCall(CallSiteArray.java:40)
	at org.codehaus.groovy.runtime.callsite.AbstractCallSite.call(AbstractCallSite.java:116)
	at org.codehaus.groovy.runtime.callsite.AbstractCallSite.call(AbstractCallSite.java:120)
	at gant.Gant$_dispatch_closure5.doCall(Gant.groovy:381)
	at sun.reflect.NativeMethodAccessorImpl.invoke0(Native Method)
	at sun.reflect.NativeMethodAccessorImpl.invoke(NativeMethodAccessorImpl.java:57)
	at sun.reflect.DelegatingMethodAccessorImpl.invoke(DelegatingMethodAccessorImpl.java:43)
	at java.lang.reflect.Method.invoke(Method.java:601)
	at org.codehaus.groovy.reflection.CachedMethod.invoke(CachedMethod.java:90)
	at groovy.lang.MetaMethod.doMethodInvoke(MetaMethod.java:233)
	at groovy.lang.MetaClassImpl.invokeMethod(MetaClassImpl.java:1058)
	at groovy.lang.ExpandoMetaClass.invokeMethod(ExpandoMetaClass.java:1070)
	at groovy.lang.MetaClassImpl.invokeMethod(MetaClassImpl.java:886)
	at groovy.lang.Closure.call(Closure.java:282)
	at groovy.lang.Closure.call(Closure.java:295)
	at groovy.lang.Closure$call$0.call(Unknown Source)
	at org.codehaus.groovy.runtime.callsite.CallSiteArray.defaultCall(CallSiteArray.java:40)
	at org.codehaus.groovy.runtime.callsite.AbstractCallSite.call(AbstractCallSite.java:116)
	at org.codehaus.groovy.runtime.callsite.AbstractCallSite.call(AbstractCallSite.java:124)
	at gant.Gant$_dispatch_closure7.doCall(Gant.groovy:415)
	at sun.reflect.NativeMethodAccessorImpl.invoke0(Native Method)
	at sun.reflect.NativeMethodAccessorImpl.invoke(NativeMethodAccessorImpl.java:57)
	at sun.reflect.DelegatingMethodAccessorImpl.invoke(DelegatingMethodAccessorImpl.java:43)
	at java.lang.reflect.Method.invoke(Method.java:601)
	at org.codehaus.groovy.runtime.callsite.PogoMetaMethodSite$PogoCachedMethodSite.invoke(PogoMetaMethodSite.java:225)
	at org.codehaus.groovy.runtime.callsite.PogoMetaMethodSite.callCurrent(PogoMetaMethodSite.java:51)
	at org.codehaus.groovy.runtime.callsite.CallSiteArray.defaultCallCurrent(CallSiteArray.java:44)
	at org.codehaus.groovy.runtime.callsite.AbstractCallSite.callCurrent(AbstractCallSite.java:141)
	at org.codehaus.groovy.runtime.callsite.AbstractCallSite.callCurrent(AbstractCallSite.java:149)
	at gant.Gant$_dispatch_closure7.doCall(Gant.groovy)
	at sun.reflect.NativeMethodAccessorImpl.invoke0(Native Method)
	at sun.reflect.NativeMethodAccessorImpl.invoke(NativeMethodAccessorImpl.java:57)
	at sun.reflect.DelegatingMethodAccessorImpl.invoke(DelegatingMethodAccessorImpl.java:43)
	at java.lang.reflect.Method.invoke(Method.java:601)
	at org.codehaus.groovy.reflection.CachedMethod.invoke(CachedMethod.java:90)
	at groovy.lang.MetaMethod.doMethodInvoke(MetaMethod.java:233)
	at groovy.lang.MetaClassImpl.invokeMethod(MetaClassImpl.java:1058)
	at groovy.lang.ExpandoMetaClass.invokeMethod(ExpandoMetaClass.java:1070)
	at groovy.lang.MetaClassImpl.invokeMethod(MetaClassImpl.java:886)
	at groovy.lang.Closure.call(Closure.java:282)
	at groovy.lang.Closure.call(Closure.java:277)
	at groovy.lang.Closure$call.call(Unknown Source)
	at org.codehaus.groovy.runtime.callsite.CallSiteArray.defaultCall(CallSiteArray.java:40)
	at org.codehaus.groovy.runtime.callsite.AbstractCallSite.call(AbstractCallSite.java:116)
	at org.codehaus.groovy.runtime.callsite.AbstractCallSite.call(AbstractCallSite.java:120)
	at gant.Gant.withBuildListeners(Gant.groovy:427)
	at gant.Gant.this$2$withBuildListeners(Gant.groovy)
	at gant.Gant$this$2$withBuildListeners.callCurrent(Unknown Source)
	at org.codehaus.groovy.runtime.callsite.CallSiteArray.defaultCallCurrent(CallSiteArray.java:44)
	at org.codehaus.groovy.runtime.callsite.AbstractCallSite.callCurrent(AbstractCallSite.java:141)
	at org.codehaus.groovy.runtime.callsite.AbstractCallSite.callCurrent(AbstractCallSite.java:149)
	at gant.Gant.dispatch(Gant.groovy:415)
	at gant.Gant.this$2$dispatch(Gant.groovy)
	at sun.reflect.NativeMethodAccessorImpl.invoke0(Native Method)
	at sun.reflect.NativeMethodAccessorImpl.invoke(NativeMethodAccessorImpl.java:57)
	at sun.reflect.DelegatingMethodAccessorImpl.invoke(DelegatingMethodAccessorImpl.java:43)
	at java.lang.reflect.Method.invoke(Method.java:601)
	at org.codehaus.groovy.reflection.CachedMethod.invoke(CachedMethod.java:90)
	at groovy.lang.MetaMethod.doMethodInvoke(MetaMethod.java:233)
	at groovy.lang.MetaClassImpl.invokeMethod(MetaClassImpl.java:1058)
	at groovy.lang.ExpandoMetaClass.invokeMethod(ExpandoMetaClass.java:1070)
	at groovy.lang.MetaClassImpl.invokeMethod(MetaClassImpl.java:886)
	at groovy.lang.MetaClassImpl.invokeMethod(MetaClassImpl.java:708)
	at gant.Gant.invokeMethod(Gant.groovy)
	at groovy.lang.GroovyObject$invokeMethod.callCurrent(Unknown Source)
	at org.codehaus.groovy.runtime.callsite.CallSiteArray.defaultCallCurrent(CallSiteArray.java:44)
	at org.codehaus.groovy.runtime.callsite.AbstractCallSite.callCurrent(AbstractCallSite.java:141)
	at org.codehaus.groovy.runtime.callsite.AbstractCallSite.callCurrent(AbstractCallSite.java:153)
	at gant.Gant.executeTargets(Gant.groovy:590)
	at sun.reflect.NativeMethodAccessorImpl.invoke0(Native Method)
	at sun.reflect.NativeMethodAccessorImpl.invoke(NativeMethodAccessorImpl.java:57)
	at sun.reflect.DelegatingMethodAccessorImpl.invoke(DelegatingMethodAccessorImpl.java:43)
	at java.lang.reflect.Method.invoke(Method.java:601)
	at org.codehaus.groovy.runtime.callsite.PogoMetaMethodSite$PogoCachedMethodSite.invoke(PogoMetaMethodSite.java:225)
	at org.codehaus.groovy.runtime.callsite.PogoMetaMethodSite.callCurrent(PogoMetaMethodSite.java:51)
	at org.codehaus.groovy.runtime.callsite.CallSiteArray.defaultCallCurrent(CallSiteArray.java:44)
	at org.codehaus.groovy.runtime.callsite.AbstractCallSite.callCurrent(AbstractCallSite.java:141)
	at org.codehaus.groovy.runtime.callsite.AbstractCallSite.callCurrent(AbstractCallSite.java:153)
	at gant.Gant.executeTargets(Gant.groovy:589)
	at org.codehaus.groovy.grails.cli.GrailsScriptRunner.executeWithGantInstance(GrailsScriptRunner.java:667)
	at org.codehaus.groovy.grails.cli.GrailsScriptRunner.callPluginOrGrailsScript(GrailsScriptRunner.java:526)
	at org.codehaus.groovy.grails.cli.GrailsScriptRunner.executeCommand(GrailsScriptRunner.java:310)
	at org.codehaus.groovy.grails.cli.GrailsScriptRunner.main(GrailsScriptRunner.java:135)
	at sun.reflect.NativeMethodAccessorImpl.invoke0(Native Method)
	at sun.reflect.NativeMethodAccessorImpl.invoke(NativeMethodAccessorImpl.java:57)
	at sun.reflect.DelegatingMethodAccessorImpl.invoke(DelegatingMethodAccessorImpl.java:43)
	at java.lang.reflect.Method.invoke(Method.java:601)
	at org.codehaus.groovy.grails.cli.support.GrailsStarter.rootLoader(GrailsStarter.java:234)
	at org.codehaus.groovy.grails.cli.support.GrailsStarter.main(GrailsStarter.java:262)
--Output from testCambiarEscuelaOk--
--Output from testInasistencias--
--Output from testSaveAlumnoOk--
--Output from testUpdateAlumnoOk--
--Output from testGetDatosPersonales--
]]></system-err>

  </testsuite>
  <testsuite errors="0" failures="0" hostname="fede-PC" id="1" name="DocenteFunctionalTests" package="" tests="4" time="1.527" timestamp="2014-12-20T03:26:45">
      <properties />

      <testcase classname="DocenteFunctionalTests" name="testAsignarEscuelaOk" time="1.222" />

      <testcase classname="DocenteFunctionalTests" name="testGetDatosPersonales" time="0.093" />

      <testcase classname="DocenteFunctionalTests" name="testSaveDocenteOk" time="0.066" />

      <testcase classname="DocenteFunctionalTests" name="testUpdateDocenteOk" time="0.132" />

      <system-out><![CDATA[--Output from testAsignarEscuelaOk--


>>>>>>>>>>>>>>>>>>>> Making request to http://localhost:8080/tesis/docentes/alta using method POST >>>>>>>>>>>>>>>>>>>>
Initializing web request settings for http://localhost:8080/tesis/docentes/alta
Request parameters:
========================================
========================================
Request headers:
========================================
Accept-Language: en
Content-Type: application/json
Accept: application/json
========================================
Content of web window [TopLevelWindow[name=""]] changed
<<<<<<<<<<<<<<<<<<<< Received response from POST http://localhost:8080/tesis/docentes/alta <<<<<<<<<<<<<<<<<<<<
Response was 201 'Created', headers:
========================================
Server: Apache-Coyote/1.1
Content-Type: application/json;charset=UTF-8
Transfer-Encoding: chunked
Date: Sat, 20 Dec 2014 03:26:46 GMT
========================================
Content
========================================
{"response":"Docente creado","status":201}
========================================

#

>>>>>>>>>>>>>>>>>>>> Making request to http://localhost:8080/tesis/docentes/datos_personales/15334324 using method GET >>>>>>>>>>>>>>>>>>>>
Initializing web request settings for http://localhost:8080/tesis/docentes/datos_personales/15334324
Request parameters:
========================================
========================================
Request headers:
========================================
Accept-Language: en
Accept: application/json
========================================
Content of web window [TopLevelWindow[name=""]] changed
<<<<<<<<<<<<<<<<<<<< Received response from GET http://localhost:8080/tesis/docentes/datos_personales/15334324 <<<<<<<<<<<<<<<<<<<<
Response was 200 'OK', headers:
========================================
Server: Apache-Coyote/1.1
Content-Type: application/json;charset=UTF-8
Transfer-Encoding: chunked
Date: Sat, 20 Dec 2014 03:26:46 GMT
========================================
Content
========================================
{"response":{"nombre":"Ana","apellido":"Villegas","dni":15334324,"direccion":{"calle":"Gral. Paz","numero":"61","piso":8,"depto":"6"},"telefono":264445132,"nacimiento":"13-04-2005"},"status":200}
========================================

#

>>>>>>>>>>>>>>>>>>>> Making request to http://localhost:8080/tesis/escuelas/alta using method POST >>>>>>>>>>>>>>>>>>>>
Initializing web request settings for http://localhost:8080/tesis/escuelas/alta
Request parameters:
========================================
========================================
Request headers:
========================================
Accept-Language: en
Content-Type: application/json
Accept: application/json
========================================
Content of web window [TopLevelWindow[name=""]] changed
<<<<<<<<<<<<<<<<<<<< Received response from POST http://localhost:8080/tesis/escuelas/alta <<<<<<<<<<<<<<<<<<<<
Response was 201 'Created', headers:
========================================
Server: Apache-Coyote/1.1
Content-Type: application/json;charset=UTF-8
Transfer-Encoding: chunked
Date: Sat, 20 Dec 2014 03:26:46 GMT
========================================
Content
========================================
{"response":"Escuela creada","status":201}
========================================

#

>>>>>>>>>>>>>>>>>>>> Making request to http://localhost:8080/tesis/docentes/asignar_escuela using method POST >>>>>>>>>>>>>>>>>>>>
Initializing web request settings for http://localhost:8080/tesis/docentes/asignar_escuela
Request parameters:
========================================
========================================
Request headers:
========================================
Accept-Language: en
Content-Type: application/json
Accept: application/json
========================================
Content of web window [TopLevelWindow[name=""]] changed
<<<<<<<<<<<<<<<<<<<< Received response from POST http://localhost:8080/tesis/docentes/asignar_escuela <<<<<<<<<<<<<<<<<<<<
Response was 201 'Created', headers:
========================================
Server: Apache-Coyote/1.1
Content-Type: application/json;charset=UTF-8
Transfer-Encoding: chunked
Date: Sat, 20 Dec 2014 03:26:46 GMT
========================================
Content
========================================
{"response":{"dni":15334324,"escuela":"1-567","grado":"2","seccion":"B","nivel":"NP","cargo":"docente"},"status":201}
========================================

#

>>>>>>>>>>>>>>>>>>>> Making request to http://localhost:8080/tesis/docentes/asignar_escuela using method POST >>>>>>>>>>>>>>>>>>>>
Initializing web request settings for http://localhost:8080/tesis/docentes/asignar_escuela
Request parameters:
========================================
========================================
Request headers:
========================================
Accept-Language: en
Content-Type: application/json
Accept: application/json
========================================
Content of web window [TopLevelWindow[name=""]] changed
<<<<<<<<<<<<<<<<<<<< Received response from POST http://localhost:8080/tesis/docentes/asignar_escuela <<<<<<<<<<<<<<<<<<<<
Response was 304 'Not Modified', headers:
========================================
Server: Apache-Coyote/1.1
Date: Sat, 20 Dec 2014 03:26:46 GMT
========================================
Content
========================================
null
========================================

#

>>>>>>>>>>>>>>>>>>>> Making request to http://localhost:8080/tesis/escuelas/alta using method POST >>>>>>>>>>>>>>>>>>>>
Initializing web request settings for http://localhost:8080/tesis/escuelas/alta
Request parameters:
========================================
========================================
Request headers:
========================================
Accept-Language: en
Content-Type: application/json
Accept: application/json
========================================
Content of web window [TopLevelWindow[name=""]] changed
<<<<<<<<<<<<<<<<<<<< Received response from POST http://localhost:8080/tesis/escuelas/alta <<<<<<<<<<<<<<<<<<<<
Response was 201 'Created', headers:
========================================
Server: Apache-Coyote/1.1
Content-Type: application/json;charset=UTF-8
Transfer-Encoding: chunked
Date: Sat, 20 Dec 2014 03:26:46 GMT
========================================
Content
========================================
{"response":"Escuela creada","status":201}
========================================

#

>>>>>>>>>>>>>>>>>>>> Making request to http://localhost:8080/tesis/docentes/asignar_escuela using method POST >>>>>>>>>>>>>>>>>>>>
[...]
GB20JIEXKU22VT90WUV4TI0XBQ5IS4WB7O"},{"escuela":"1-345","fecha":"17-03-2018","evento":"K1JMFTB39JAL70OOW5GDJ8IN8MMGRTDP0DHY7ZT67ZHQAYKTV4OSO91VKI5T9GULO95R2V06K63ZRP0EGPJLIF33T82O0EZB9IEO"}],"2":[{"escuela":"1-345","fecha":"07-03-2017","evento":"UZRIZB6F5H6PEENFIEPUE05HIFB99GUATGMAKP44664JU1HPT6F3G9D8R4ZJHBXYS96OFL56MTPNVZDQEFJ6BEEXGX38E01B2515"},{"escuela":"1-345","fecha":"17-03-2017","evento":"GLA4AJLKR5PNV3ZR2OZAZ4EO6OS41SJL9DW1PBZHVYFFAKXXPKU2Y5BG07N6RVPCTHVCNKJV6DOPNTA32AF4IDIAB6URLGC01GQN"}],"1":[{"escuela":"1-345","fecha":"07-03-2016","evento":"9TLDSZDXY24JN5L9V19SM3X6E3QABPHI9A9SSWK5J0QV7PHM83QEK5K0VFNZBOT21W9GJNAO9YXRRMRC50B32BOAF2PD7649B3S9"},{"escuela":"1-345","fecha":"17-03-2016","evento":"77BBWZS2TGLHRLHF77XCFOW81Z11W5K9P3N0H4TE8L01VBWRQ8920J2P5RGNN7EJ69YJ9ST647H93O096AYXLWOJ9UZ9OINLST90"}],"7":[{"escuela":"1-345","fecha":"07-03-2022","evento":"U0GP2RX7OGAU7CXCY36UV9IHSQWSHWIK5C98TOMQ2VXIF6CRM75CPODTIN57C5IDL4XZX6EX45Q581OM2MTRVU08GPT8MWIXKO3X"}],"6":[{"escuela":"1-345","fecha":"07-03-2021","evento":"2YCF8202LC6LMEPNZVVAG04OAQ4FGWCVT4JD4L0D7K4WACPP77Q0VNVMW2M7ECKS9FTWHK9OS804L0A56V6O586W4X2PMNTUAFC1"}],"5":[{"escuela":"1-345","fecha":"07-03-2020","evento":"6T41Q4O00UKFLRXK9XG7B2QPGNERXS2Q1I1XX9AB7QI2QXK6OSIRGY08JIL7PJIXW9BRZ25R2WTJFK34Z7BB382CSAYJYKCTG7ES"}],"4":[{"escuela":"1-345","fecha":"07-03-2019","evento":"Y0WC1G0MGXJI73448GVF3XUJC2VJT4R81AHSF6KEV6IYVGK183ACOKXRC95LQKQM94N559CGYZP56UGZ2SHZQZ2QPPDST3QZWB9X"},{"escuela":"1-345","fecha":"17-03-2019","evento":"F5YQRR20XABM35R1X707TKRBSCG0S5BNTBQSG68D0ROA8KEMVJUXUHXCHWEUTZZ9TF5ID0NTAXXMPC60OLORRRGEKJI689IZFKME"}]},"alumno":"33444555","nivel_secundario":{"3":[{"escuela":"1-345","fecha":"17-03-2025","evento":"BDCWD7C5EBUO84RWAUAOEKUDPN715M9R2CMD1QCHYZRUG1HS0TRJI7D985FMPIMGIR5TO59UFXX2R2KF0UWBCDR41AXZEFXO6SN3"}],"2":[{"escuela":"1-345","fecha":"17-03-2024","evento":"A5SSGXU2M9J5FCWS9WN7729GGGZ4M7SXPXWKJR8X5UIC5ADE7PEY7BMPW87030NU0JOL203B2WO4D6ATQM7KZSMRXZ6B5EVJYMXW"}],"1":[{"escuela":"1-345","fecha":"17-03-2023","evento":"VU4PVRWADYEKBT2IICZ0HEIPFRN1GFLGMOFGAOJWAES57IC271530UV31SJD2HJXK4NGZQH5KZ1ANKVN998UNI95Q34UKEE5DG58"}]}},"status":200}
========================================

#

>>>>>>>>>>>>>>>>>>>> Making request to http://localhost:8080/tesis/legajo/33444555 using method POST >>>>>>>>>>>>>>>>>>>>
Initializing web request settings for http://localhost:8080/tesis/legajo/33444555
Request parameters:
========================================
========================================
Request headers:
========================================
Accept-Language: en
Content-Type: application/json
Accept: application/json
========================================
Content of web window [TopLevelWindow[name=""]] changed
<<<<<<<<<<<<<<<<<<<< Received response from POST http://localhost:8080/tesis/legajo/33444555 <<<<<<<<<<<<<<<<<<<<
Response was 201 'Created', headers:
========================================
Server: Apache-Coyote/1.1
Content-Type: application/json;charset=UTF-8
Transfer-Encoding: chunked
Date: Sat, 20 Dec 2014 03:26:48 GMT
========================================
Content
========================================
{"response":"Legajo creado","status":201}
========================================

#

>>>>>>>>>>>>>>>>>>>> Making request to http://localhost:8080/tesis/legajo/33444555 using method GET >>>>>>>>>>>>>>>>>>>>
Initializing web request settings for http://localhost:8080/tesis/legajo/33444555
Request parameters:
========================================
========================================
Request headers:
========================================
Accept-Language: en
Content-Type: application/json
Accept: application/json
========================================
Content of web window [TopLevelWindow[name=""]] changed
<<<<<<<<<<<<<<<<<<<< Received response from GET http://localhost:8080/tesis/legajo/33444555 <<<<<<<<<<<<<<<<<<<<
Response was 200 'OK', headers:
========================================
Server: Apache-Coyote/1.1
Content-Type: application/json;charset=UTF-8
Transfer-Encoding: chunked
Date: Sat, 20 Dec 2014 03:26:48 GMT
========================================
Content
========================================
{"response":{"escolaridad_actual":"{\"nivel_actual\":\"NS\",\"esc_actual\":\"1-345\",\"curso_actual\":\"4\"}","nivel_inicial":{"5":[{"escuela":"1-345","fecha":"07-03-2015","evento":"S4ZGYKKFL5BR7CRBOYP46ZNA60470FNYRZJVO21MKT672V0PFD4ZET1NO60GS81GOPMK0409GVACMTU66HVTD25BP6R9VEB3W6WV"}],"4":[{"escuela":"1-345","fecha":"07-02-2014","evento":"T6A82EK765I1X5348048E6B0SSOUI5UT587RHQGZGDOWTA8RFK162MNZWGHQAY24EY2XLCRVMVVK9VEAIE13DD7LRC1N9U5A9VF2"}]},"nivel_primario":{"3":[{"escuela":"1-345","fecha":"07-03-2018","evento":"3NTVKRTOFTNAM738FUPTB871KHJZ0E1MHQY4XA8PZDUEDDCGDP0NJZ7FS2B54YMFA4GB20JIEXKU22VT90WUV4TI0XBQ5IS4WB7O"},{"escuela":"1-345","fecha":"17-03-2018","evento":"K1JMFTB39JAL70OOW5GDJ8IN8MMGRTDP0DHY7ZT67ZHQAYKTV4OSO91VKI5T9GULO95R2V06K63ZRP0EGPJLIF33T82O0EZB9IEO"}],"2":[{"escuela":"1-345","fecha":"07-03-2017","evento":"UZRIZB6F5H6PEENFIEPUE05HIFB99GUATGMAKP44664JU1HPT6F3G9D8R4ZJHBXYS96OFL56MTPNVZDQEFJ6BEEXGX38E01B2515"},{"escuela":"1-345","fecha":"17-03-2017","evento":"GLA4AJLKR5PNV3ZR2OZAZ4EO6OS41SJL9DW1PBZHVYFFAKXXPKU2Y5BG07N6RVPCTHVCNKJV6DOPNTA32AF4IDIAB6URLGC01GQN"}],"1":[{"escuela":"1-345","fecha":"07-03-2016","evento":"9TLDSZDXY24JN5L9V19SM3X6E3QABPHI9A9SSWK5J0QV7PHM83QEK5K0VFNZBOT21W9GJNAO9YXRRMRC50B32BOAF2PD7649B3S9"},{"escuela":"1-345","fecha":"17-03-2016","evento":"77BBWZS2TGLHRLHF77XCFOW81Z11W5K9P3N0H4TE8L01VBWRQ8920J2P5RGNN7EJ69YJ9ST647H93O096AYXLWOJ9UZ9OINLST90"}],"7":[{"escuela":"1-345","fecha":"07-03-2022","evento":"U0GP2RX7OGAU7CXCY36UV9IHSQWSHWIK5C98TOMQ2VXIF6CRM75CPODTIN57C5IDL4XZX6EX45Q581OM2MTRVU08GPT8MWIXKO3X"}],"6":[{"escuela":"1-345","fecha":"07-03-2021","evento":"2YCF8202LC6LMEPNZVVAG04OAQ4FGWCVT4JD4L0D7K4WACPP77Q0VNVMW2M7ECKS9FTWHK9OS804L0A56V6O586W4X2PMNTUAFC1"}],"5":[{"escuela":"1-345","fecha":"07-03-2020","evento":"6T41Q4O00UKFLRXK9XG7B2QPGNERXS2Q1I1XX9AB7QI2QXK6OSIRGY08JIL7PJIXW9BRZ25R2WTJFK34Z7BB382CSAYJYKCTG7ES"}],"4":[{"escuela":"1-345","fecha":"07-03-2019","evento":"Y0WC1G0MGXJI73448GVF3XUJC2VJT4R81AHSF6KEV6IYVGK183ACOKXRC95LQKQM94N559CGYZP56UGZ2SHZQZ2QPPDST3QZWB9X"},{"escuela":"1-345","fecha":"17-03-2019","evento":"F5YQRR20XABM35R1X707TKRBSCG0S5BNTBQSG68D0ROA8KEMVJUXUHXCHWEUTZZ9TF5ID0NTAXXMPC60OLORRRGEKJI689IZFKME"}]},"alumno":"33444555","nivel_secundario":{"3":[{"escuela":"1-345","fecha":"17-03-2025","evento":"BDCWD7C5EBUO84RWAUAOEKUDPN715M9R2CMD1QCHYZRUG1HS0TRJI7D985FMPIMGIR5TO59UFXX2R2KF0UWBCDR41AXZEFXO6SN3"}],"2":[{"escuela":"1-345","fecha":"17-03-2024","evento":"A5SSGXU2M9J5FCWS9WN7729GGGZ4M7SXPXWKJR8X5UIC5ADE7PEY7BMPW87030NU0JOL203B2WO4D6ATQM7KZSMRXZ6B5EVJYMXW"}],"1":[{"escuela":"1-345","fecha":"17-03-2023","evento":"VU4PVRWADYEKBT2IICZ0HEIPFRN1GFLGMOFGAOJWAES57IC271530UV31SJD2HJXK4NGZQH5KZ1ANKVN998UNI95Q34UKEE5DG58"}],"4":[{"escuela":"1-345","fecha":"17-03-2026","evento":"J4WFM7BDQJJKOSVDALCC7XTVDJV3Q29BQIAZTTUR4EOTPWPGKUMO76Z06XCMLBQMEXN2DCNMNVYDBLRZ6OGPFBXKEWRA1JPGSV6T"}]}},"status":200}
========================================

#]]></system-out>

      <system-err><![CDATA[--Output from testAddLegajoInfoOk--
]]></system-err>

  </testsuite>
  <testsuite errors="0" failures="0" hostname="fede-PC" id="4" name="RedisFunctionalTests" package="" tests="1" time="0.009" timestamp="2014-12-20T03:26:47">
      <properties />

      <testcase classname="RedisFunctionalTests" name="testRedis" time="0.002" />

      <system-out><![CDATA[--Output from testRedis--
]]></system-out>

      <system-err><![CDATA[--Output from testRedis--
]]></system-err>

  </testsuite>
  <testsuite errors="0" failures="0" hostname="fede-PC" id="5" name="ValidatorsFunctionalTests" package="" tests="1" time="0.374" timestamp="2014-12-20T03:26:46">
      <properties />

      <testcase classname="ValidatorsFunctionalTests" name="testValidadoresFails" time="0.366" />

      <system-out><![CDATA[--Output from testValidadoresFails--


>>>>>>>>>>>>>>>>>>>> Making request to http://localhost:8080/tesis/alumnos/alta using method POST >>>>>>>>>>>>>>>>>>>>
Initializing web request settings for http://localhost:8080/tesis/alumnos/alta
Request parameters:
========================================
========================================
Request headers:
========================================
Accept-Language: en
Content-Type: application/json
Accept: application/json
========================================
Content of web window [TopLevelWindow[name=""]] changed
<<<<<<<<<<<<<<<<<<<< Received response from POST http://localhost:8080/tesis/alumnos/alta <<<<<<<<<<<<<<<<<<<<
Response was 400 'Bad Request', headers:
========================================
Server: Apache-Coyote/1.1
Content-Type: application/json;charset=UTF-8
Transfer-Encoding: chunked
Date: Sat, 20 Dec 2014 03:26:46 GMT
Connection: close
========================================
Content
========================================
{"response":"ERROR: Invalid param [1234], must be String","status":400}
========================================

#

>>>>>>>>>>>>>>>>>>>> Making request to http://localhost:8080/tesis/alumnos/alta using method POST >>>>>>>>>>>>>>>>>>>>
Initializing web request settings for http://localhost:8080/tesis/alumnos/alta
Request parameters:
========================================
========================================
Request headers:
========================================
Accept-Language: en
Content-Type: application/json
Accept: application/json
========================================
Content of web window [TopLevelWindow[name=""]] changed
<<<<<<<<<<<<<<<<<<<< Received response from POST http://localhost:8080/tesis/alumnos/alta <<<<<<<<<<<<<<<<<<<<
Response was 400 'Bad Request', headers:
========================================
Server: Apache-Coyote/1.1
Content-Type: application/json;charset=UTF-8
Transfer-Encoding: chunked
Date: Sat, 20 Dec 2014 03:26:47 GMT
Connection: close
========================================
Content
========================================
{"response":"ERROR: Invalid param [1234], must be String","status":400}
========================================

#

>>>>>>>>>>>>>>>>>>>> Making request to http://localhost:8080/tesis/alumnos/alta using method POST >>>>>>>>>>>>>>>>>>>>
Initializing web request settings for http://localhost:8080/tesis/alumnos/alta
Request parameters:
========================================
========================================
Request headers:
========================================
Accept-Language: en
Content-Type: application/json
Accept: application/json
========================================
Content of web window [TopLevelWindow[name=""]] changed
<<<<<<<<<<<<<<<<<<<< Received response from POST http://localhost:8080/tesis/alumnos/alta <<<<<<<<<<<<<<<<<<<<
Response was 400 'Bad Request', headers:
========================================
Server: Apache-Coyote/1.1
Content-Type: application/json;charset=UTF-8
Transfer-Encoding: chunked
Date: Sat, 20 Dec 2014 03:26:47 GMT
Connection: close
========================================
Content
========================================
{"response":"ERROR: Invalid param [abcd], must be Long","status":400}
========================================

#

>>>>>>>>>>>>>>>>>>>> Making request to http://localhost:8080/tesis/alumnos/alta using method POST >>>>>>>>>>>>>>>>>>>>
Initializing web request settings for http://localhost:8080/tesis/alumnos/alta
Request parameters:
========================================
========================================
Request headers:
========================================
Accept-Language: en
Content-Type: application/json
Accept: application/json
========================================
Content of web window [TopLevelWindow[name=""]] changed
<<<<<<<<<<<<<<<<<<<< Received response from POST http://localhost:8080/tesis/alumnos/alta <<<<<<<<<<<<<<<<<<<<
Response was 400 'Bad Request', headers:
========================================
Server: Apache-Coyote/1.1
Content-Type: application/json;charset=UTF-8
Transfer-Encoding: chunked
Date: Sat, 20 Dec 2014 03:26:47 GMT
Connection: close
========================================
Content
========================================
{"response":"ERROR: Invalid param [abcd], must be Long","status":400}
========================================

#

>>>>>>>>>>>>>>>>>>>> Making request to http://localhost:8080/tesis/alumnos/alta using method POST >>>>>>>>>>>>>>>>>>>>
Initializing web request settings for http://localhost:8080/tesis/alumnos/alta
Request parameters:
========================================
========================================
Request headers:
========================================
Accept-Language: en
Content-Type: application/json
Accept: application/json
========================================
Content of web window [TopLevelWindow[name=""]] changed
<<<<<<<<<<<<<<<<<<<< Received response from POST http://localhost:8080/tesis/alumnos/alta <<<<<<<<<<<<<<<<<<<<
Response was 400 'Bad Request', headers:
========================================
Server: Apache-Coyote/1.1
Content-Type: application/json;charset=UTF-8
Transfer-Encoding: chunked
Date: Sat, 20 Dec 2014 03:26:47 GMT
Connection: close
========================================
Content
========================================
{"response":"ERROR: Invalid param [abcd], must be Long","status":400}
========================================

#

>>>>>>>>>>>>>>>>>>>> Making request to http://localhost:8080/tesis/alumnos/alta using method POST >>>>>>>>>>>>>>>>>>>>
Initializing web request settings for http://localhost:8080/tesis/alumnos/alta
Request parameters:
========================================
========================================
Request headers:
========================================
Accept-Language: en
Content-Type: application/json
Accept: application/json
========================================
Content of web window [TopLevelWindow[name=""]] changed
<<<<<<<<<<<<<<<<<<<< Received response from POST http://localhost:8080/tesis/alumnos/alta <<<<<<<<<<<<<<<<<<<<
Response was 400 'Bad Request', headers:
========================================
Server: Apache-Coyote/1.1
Content-Type: application/json;charset=UTF-8
Transfer-Encoding: chunked
Date: Sat, 20 Dec 2014 03:26:47 GMT
Connection: close
========================================
Content
========================================
{"response":"ERROR: Invalid param [abcd], must be Long","status":400}
========================================

#

>>>>>>>>>>>>>>>>>>>> Making request to http://localhost:8080/tesis/alumnos/alta using method POST >>>>>>>>>>>>>>>>>>>>
Initializing web request settings for http://localhost:8080/tesis/alumnos/alta
Request parameters:
========================================
========================================
Request headers:
========================================
Accept-Language: en
Content-Type: application/json
Accept: application/json
========================================
Content of web window [TopLevelWindow[name=""]] changed
<<<<<<<<<<<<<<<<<<<< Received response from POST http://localhost:8080/tesis/alumnos/alta <<<<<<<<<<<<<<<<<<<<
Response was 400 'Bad Request', headers:
========================================
Server: Apache-Coyote/1.1
Content-Type: application/json;charset=UTF-8
Transfer-Encoding: chunked
Date: Sat, 20 Dec 2014 03:26:47 GMT
Connection: close
========================================
Content
========================================
{"response":"ERROR: Invalid param [abcd], must be Long","status":400}
========================================

#

>>>>>>>>>>>>>>>>>>>> Making request to http://localhost:8080/tesis/alumnos/alta using method POST >>>>>>>>>>>>>>>>>>>>
Initializing web request settings for http://localhost:8080/tesis/alumnos/alta
Request parameters:
========================================
========================================
Request headers:
========================================
Accept-Language: en
Content-Type: application/json
Accept: application/json
========================================
Content of web window [TopLevelWindow[name=""]] changed
<<<<<<<<<<<<<<<<<<<< Received response from POST http://localhost:8080/tesis/alumnos/alta <<<<<<<<<<<<<<<<<<<<
Response was 400 'Bad Request', headers:
========================================
Server: Apache-Coyote/1.1
Content-Type: application/json;charset=UTF-8
Transfer-Encoding: chunked
Date: Sat, 20 Dec 2014 03:26:47 GMT
Connection: close
========================================
Content
========================================
{"response":"ERROR: Invalid param [abcd], must be Long","status":400}
========================================

#

>>>>>>>>>>>>>>>>>>>> Making request to http://localhost:8080/tesis/alumnos/alta using method POST >>>>>>>>>>>>>>>>>>>>
Initializing web request settings for http://localhost:8080/tesis/alumnos/alta
Request parameters:
========================================
========================================
Request headers:
========================================
Accept-Language: en
Content-Type: application/json
Accept: application/json
========================================
Content of web window [TopLevelWindow[name=""]] changed
<<<<<<<<<<<<<<<<<<<< Received response from POST http://localhost:8080/tesis/alumnos/alta <<<<<<<<<<<<<<<<<<<<
Response was 400 'Bad Request', headers:
========================================
Server: Apache-Coyote/1.1
Content-Type: application/json;charset=UTF-8
Transfer-Encoding: chunked
Date: Sat, 20 Dec 2014 03:26:47 GMT
Connection: close
========================================
Content
========================================
{"response":"ERROR: Invalid param [abcd], must be Long","status":400}
========================================

#

>>>>>>>>>>>>>>>>>>>> Making request to http://localhost:8080/tesis/alumnos/alta using method POST >>>>>>>>>>>>>>>>>>>>
Initializing web request settings for http://localhost:8080/tesis/alumnos/alta
Request parameters:
========================================
========================================
Request headers:
========================================
Accept-Language: en
Content-Type: application/json
Accept: application/json
========================================
Content of web window [TopLevelWindow[name=""]] changed
<<<<<<<<<<<<<<<<<<<< Received response from POST http://localhost:8080/tesis/alumnos/alta <<<<<<<<<<<<<<<<<<<<
Response was 400 'Bad Request', headers:
========================================
Server: Apache-Coyote/1.1
Content-Type: application/json;charset=UTF-8
Transfer-Encoding: chunked
Date: Sat, 20 Dec 2014 03:26:47 GMT
Connection: close
========================================
Content
========================================
{"response":"ERROR: Invalid param [abcd], must be Long","status":400}
========================================

#

>>>>>>>>>>>>>>>>>>>> Making request to http://localhost:8080/tesis/alumnos/alta using method POST >>>>>>>>>>>>>>>>>>>>
Initializing web request settings for http://localhost:8080/tesis/alumnos/alta
Request parameters:
========================================
========================================
Request headers:
========================================
Accept-Language: en
Content-Type: application/json
Accept: application/json
========================================
Content of web window [TopLevelWindow[name=""]] changed
<<<<<<<<<<<<<<<<<<<< Received response from POST http://localhost:8080/tesis/alumnos/alta <<<<<<<<<<<<<<<<<<<<
Response was 400 'Bad Request', headers:
========================================
Server: Apache-Coyote/1.1
Content-Type: application/json;charset=UTF-8
Transfer-Encoding: chunked
Date: Sat, 20 Dec 2014 03:26:47 GMT
Connection: close
========================================
Content
========================================
{"response":"ERROR: Invalid param [abcd], must be Long","status":400}
========================================

#]]></system-out>

      <system-err><![CDATA[--Output from testValidadoresFails--
]]></system-err>

  </testsuite>
</testsuites>
